This is pdfTeX, Version 3.14159265-2.6-1.40.21 (MiKTeX 20.11) (preloaded format=pdflatex 2020.11.19)  25 FEB 2022 21:38
entering extended mode
**./article.tex
(article.tex
LaTeX2e <2020-10-01> patch level 2
L3 programming layer <2020-10-27> xparse <2020-03-03> (siamart190516.cls
Document Class: siamart190516 2019/05/16 v1.4.3 LaTeX document e-class
(C:\Users\Thibaut\AppData\Local\Programs\MiKTeX\tex/latex/amsmath\amsmath.sty
Package: amsmath 2020/09/23 v2.17i AMS math features
\@mathmargin=\skip47

For additional information on amsmath, use the `?' option.
(C:\Users\Thibaut\AppData\Local\Programs\MiKTeX\tex/latex/amsmath\amstext.sty
Package: amstext 2000/06/29 v2.01 AMS text

(C:\Users\Thibaut\AppData\Local\Programs\MiKTeX\tex/latex/amsmath\amsgen.sty
File: amsgen.sty 1999/11/30 v2.0 generic functions
\@emptytoks=\toks15
\ex@=\dimen138
))
(C:\Users\Thibaut\AppData\Local\Programs\MiKTeX\tex/latex/amsmath\amsbsy.sty
Package: amsbsy 1999/11/29 v1.2d Bold Symbols
\pmbraise@=\dimen139
)
(C:\Users\Thibaut\AppData\Local\Programs\MiKTeX\tex/latex/amsmath\amsopn.sty
Package: amsopn 2016/03/08 v2.02 operator names
)
\inf@bad=\count175
LaTeX Info: Redefining \frac on input line 234.
\uproot@=\count176
\leftroot@=\count177
LaTeX Info: Redefining \overline on input line 399.
\classnum@=\count178
\DOTSCASE@=\count179
LaTeX Info: Redefining \ldots on input line 496.
LaTeX Info: Redefining \dots on input line 499.
LaTeX Info: Redefining \cdots on input line 620.
\Mathstrutbox@=\box47
\strutbox@=\box48
\big@size=\dimen140
LaTeX Font Info:    Redeclaring font encoding OML on input line 743.
LaTeX Font Info:    Redeclaring font encoding OMS on input line 744.
\macc@depth=\count180
\c@MaxMatrixCols=\count181
\dotsspace@=\muskip16
\c@parentequation=\count182
\dspbrk@lvl=\count183
\tag@help=\toks16
\row@=\count184
\column@=\count185
\maxfields@=\count186
\andhelp@=\toks17
\eqnshift@=\dimen141
\alignsep@=\dimen142
\tagshift@=\dimen143
\tagwidth@=\dimen144
\totwidth@=\dimen145
\lineht@=\dimen146
\@envbody=\toks18
\multlinegap=\skip48
\multlinetaggap=\skip49
\mathdisplay@stack=\toks19
LaTeX Info: Redefining \[ on input line 2923.
LaTeX Info: Redefining \] on input line 2924.
)
(C:\Users\Thibaut\AppData\Local\Programs\MiKTeX\tex/latex/ntheorem\ntheorem.sty
Style `ntheorem', Version 1.33 <2011/08/15>
Package: ntheorem 2011/08/15 1.33
(C:\Users\Thibaut\AppData\Local\Programs\MiKTeX\tex/latex/base\ifthen.sty
Package: ifthen 2014/09/29 v1.1c Standard LaTeX ifthen package (DPC)
)
\theorem@style=\toks20
\theorem@@style=\toks21
\theorembodyfont=\toks22
\theoremnumbering=\toks23
\theorempreskipamount=\skip50
\theorempostskipamount=\skip51
\theoremframepreskipamount=\skip52
\theoremframepostskipamount=\skip53
\theoreminframepreskipamount=\skip54
\theoreminframepostskipamount=\skip55
\theorem@preskip=\toks24
\theorem@postskip=\toks25
\theorem@framepreskip=\toks26
\theorem@framepostskip=\toks27
\theorem@inframepreskip=\toks28
\theorem@inframepostskip=\toks29
\theoremindent=\dimen147
\theorem@indent=\dimen148
\theoremrightindent=\dimen149
\theorem@rightindent=\dimen150
\theoremheaderfont=\toks30
\theoremseparator=\toks31
\theoremprework=\toks32
\theorempostwork=\toks33
\theoremsymbol=\toks34
\qedsymbol=\toks35
\theoremkeyword=\toks36
\qedsymbol=\toks37
\thm@topsep=\skip56
\thm@topsepadd=\skip57
Package ntheorem Info: Option `thmmarks' loaded on input line 1175.
\c@endNonectr=\count187
\c@currNonectr=\count188
\mysavskip=\skip58
Package ntheorem Info: option `amsmath' handling for `thmmarks' loaded on input
 line 1175.
\thm@amstmpdepth=\dimen151
\tagwidth=\dimen152
)
\fromfoliotocopyright=\skip59
\c@section=\count189
\c@subsection=\count190
\c@subsubsection=\count191
\c@paragraph=\count192
\c@subparagraph=\count193
\c@rmnum=\count194
\c@muni=\count195
\@sectionspace=\skip60
\@negsectionspace=\skip61
\c@figure=\count196
\c@table=\count197
\abovecaptionskip=\skip62
\belowcaptionskip=\skip63
\bibindent=\dimen153

(C:\Users\Thibaut\AppData\Local\Programs\MiKTeX\tex/latex/hyperref\xr-hyper.sty
Package: xr-hyper 2020-05-15 v7.00e eXternal References (DPC)
) (C:\Users\Thibaut\AppData\Local\Programs\MiKTeX\tex/generic/iftex\ifpdf.sty
Package: ifpdf 2019/10/25 v3.4 ifpdf legacy package. Use iftex instead.

(C:\Users\Thibaut\AppData\Local\Programs\MiKTeX\tex/generic/iftex\iftex.sty
Package: iftex 2020/03/06 v1.0d TeX engine tests
))
(C:\Users\Thibaut\AppData\Local\Programs\MiKTeX\tex/latex/hyperref\hyperref.sty
Package: hyperref 2020-05-15 v7.00e Hypertext links for LaTeX

(C:\Users\Thibaut\AppData\Local\Programs\MiKTeX\tex/generic/ltxcmds\ltxcmds.sty
Package: ltxcmds 2020-05-10 v1.25 LaTeX kernel commands for general use (HO)
)
(C:\Users\Thibaut\AppData\Local\Programs\MiKTeX\tex/generic/pdftexcmds\pdftexcm
ds.sty
Package: pdftexcmds 2020-06-27 v0.33 Utility functions of pdfTeX for LuaTeX (HO
)

(C:\Users\Thibaut\AppData\Local\Programs\MiKTeX\tex/generic/infwarerr\infwarerr
.sty
Package: infwarerr 2019/12/03 v1.5 Providing info/warning/error messages (HO)
)
Package pdftexcmds Info: \pdf@primitive is available.
Package pdftexcmds Info: \pdf@ifprimitive is available.
Package pdftexcmds Info: \pdfdraftmode found.
)
(C:\Users\Thibaut\AppData\Local\Programs\MiKTeX\tex/latex/graphics\keyval.sty
Package: keyval 2014/10/28 v1.15 key=value parser (DPC)
\KV@toks@=\toks38
)
(C:\Users\Thibaut\AppData\Local\Programs\MiKTeX\tex/generic/kvsetkeys\kvsetkeys
.sty
Package: kvsetkeys 2019/12/15 v1.18 Key value parser (HO)
)
(C:\Users\Thibaut\AppData\Local\Programs\MiKTeX\tex/generic/kvdefinekeys\kvdefi
nekeys.sty
Package: kvdefinekeys 2019-12-19 v1.6 Define keys (HO)
)
(C:\Users\Thibaut\AppData\Local\Programs\MiKTeX\tex/generic/pdfescape\pdfescape
.sty
Package: pdfescape 2019/12/09 v1.15 Implements pdfTeX's escape features (HO)
)
(C:\Users\Thibaut\AppData\Local\Programs\MiKTeX\tex/latex/hycolor\hycolor.sty
Package: hycolor 2020-01-27 v1.10 Color options for hyperref/bookmark (HO)
)
(C:\Users\Thibaut\AppData\Local\Programs\MiKTeX\tex/latex/letltxmacro\letltxmac
ro.sty
Package: letltxmacro 2019/12/03 v1.6 Let assignment for LaTeX macros (HO)
)
(C:\Users\Thibaut\AppData\Local\Programs\MiKTeX\tex/latex/auxhook\auxhook.sty
Package: auxhook 2019-12-17 v1.6 Hooks for auxiliary files (HO)
)
(C:\Users\Thibaut\AppData\Local\Programs\MiKTeX\tex/latex/kvoptions\kvoptions.s
ty
Package: kvoptions 2020-10-07 v3.14 Key value format for package options (HO)
)
\@linkdim=\dimen154
\Hy@linkcounter=\count198
\Hy@pagecounter=\count199

(C:\Users\Thibaut\AppData\Local\Programs\MiKTeX\tex/latex/hyperref\pd1enc.def
File: pd1enc.def 2020-05-15 v7.00e Hyperref: PDFDocEncoding definition (HO)
Now handling font encoding PD1 ...
... no UTF-8 mapping file for font encoding PD1
)
(C:\Users\Thibaut\AppData\Local\Programs\MiKTeX\tex/generic/intcalc\intcalc.sty
Package: intcalc 2019/12/15 v1.3 Expandable calculations with integers (HO)
)
(C:\Users\Thibaut\AppData\Local\Programs\MiKTeX\tex/generic/etexcmds\etexcmds.s
ty
Package: etexcmds 2019/12/15 v1.7 Avoid name clashes with e-TeX commands (HO)
)
\Hy@SavedSpaceFactor=\count266
Package hyperref Info: Hyper figures OFF on input line 4464.
Package hyperref Info: Link nesting OFF on input line 4469.
Package hyperref Info: Hyper index ON on input line 4472.
Package hyperref Info: Plain pages OFF on input line 4479.
Package hyperref Info: Backreferencing OFF on input line 4484.
Package hyperref Info: Implicit mode ON; LaTeX internals redefined.
Package hyperref Info: Bookmarks ON on input line 4717.
\c@Hy@tempcnt=\count267
 (C:\Users\Thibaut\AppData\Local\Programs\MiKTeX\tex/latex/url\url.sty
\Urlmuskip=\muskip17
Package: url 2013/09/16  ver 3.4  Verb mode for urls, etc.
)
LaTeX Info: Redefining \url on input line 5076.
\XeTeXLinkMargin=\dimen155

(C:\Users\Thibaut\AppData\Local\Programs\MiKTeX\tex/generic/bitset\bitset.sty
Package: bitset 2019/12/09 v1.3 Handle bit-vector datatype (HO)

(C:\Users\Thibaut\AppData\Local\Programs\MiKTeX\tex/generic/bigintcalc\bigintca
lc.sty
Package: bigintcalc 2019/12/15 v1.5 Expandable calculations on big integers (HO
)
))
\Fld@menulength=\count268
\Field@Width=\dimen156
\Fld@charsize=\dimen157
Package hyperref Info: Hyper figures OFF on input line 6347.
Package hyperref Info: Link nesting OFF on input line 6352.
Package hyperref Info: Hyper index ON on input line 6355.
Package hyperref Info: backreferencing OFF on input line 6362.
Package hyperref Info: Link coloring OFF on input line 6367.
Package hyperref Info: Link coloring with OCG OFF on input line 6372.
Package hyperref Info: PDF/A mode OFF on input line 6377.
LaTeX Info: Redefining \ref on input line 6417.
LaTeX Info: Redefining \pageref on input line 6421.

(C:\Users\Thibaut\AppData\Local\Programs\MiKTeX\tex/latex/base\atbegshi-ltx.sty
Package: atbegshi-ltx 2020/08/17 v1.0a Emulation of the original atbegshi packa
ge
with kernel methods
)
\Hy@abspage=\count269
\c@Item=\count270
\c@Hfootnote=\count271
)
Package hyperref Info: Driver (autodetected): hpdftex.

(C:\Users\Thibaut\AppData\Local\Programs\MiKTeX\tex/latex/hyperref\hpdftex.def
File: hpdftex.def 2020-05-15 v7.00e Hyperref driver for pdfTeX

(C:\Users\Thibaut\AppData\Local\Programs\MiKTeX\tex/latex/base\atveryend-ltx.st
y
Package: atveryend-ltx 2020/08/19 v1.0a Emulation of the original atvery packag
e
with kernel methods
)
\Fld@listcount=\count272
\c@bookmark@seq@number=\count273

(C:\Users\Thibaut\AppData\Local\Programs\MiKTeX\tex/latex/rerunfilecheck\rerunf
ilecheck.sty
Package: rerunfilecheck 2019/12/05 v1.9 Rerun checks for auxiliary files (HO)

(C:\Users\Thibaut\AppData\Local\Programs\MiKTeX\tex/generic/uniquecounter\uniqu
ecounter.sty
Package: uniquecounter 2019/12/15 v1.4 Provide unlimited unique counter (HO)
)
Package uniquecounter Info: New unique counter `rerunfilecheck' on input line 2
86.
)
\Hy@SectionHShift=\skip64
)
Package hyperref Info: Option `colorlinks' set `false' on input line 1286.
Package hyperref Info: Option `frenchlinks' set `false' on input line 1286.
Package hyperref Info: Option `naturalnames' set `false' on input line 1286.
Package hyperref Info: Option `hypertexnames' set `false' on input line 1286.
Package hyperref Info: Option `breaklinks' set `true' on input line 1286.

(C:\Users\Thibaut\AppData\Local\Programs\MiKTeX\tex/latex/graphics\graphics.sty
Package: graphics 2020/08/30 v1.4c Standard LaTeX Graphics (DPC,SPQR)
(C:\Users\Thibaut\AppData\Local\Programs\MiKTeX\tex/latex/graphics\trig.sty
Package: trig 2016/01/03 v1.10 sin cos tan (DPC)
)
(C:\Users\Thibaut\AppData\Local\Programs\MiKTeX\tex/latex/graphics-cfg\graphics
.cfg
File: graphics.cfg 2016/06/04 v1.11 sample graphics configuration
)
Package graphics Info: Driver file: pdftex.def on input line 105.

(C:\Users\Thibaut\AppData\Local\Programs\MiKTeX\tex/latex/graphics-def\pdftex.d
ef
File: pdftex.def 2020/10/05 v1.2a Graphics/color driver for pdftex
))
(C:\Users\Thibaut\AppData\Local\Programs\MiKTeX\tex/latex/graphics\graphicx.sty
Package: graphicx 2020/09/09 v1.2b Enhanced LaTeX Graphics (DPC,SPQR)
\Gin@req@height=\dimen158
\Gin@req@width=\dimen159
)
(C:\Users\Thibaut\AppData\Local\Programs\MiKTeX\tex/latex/epstopdf-pkg\epstopdf
.sty
Package: epstopdf 2020-01-24 v2.11 Conversion with epstopdf on the fly (HO)

(C:\Users\Thibaut\AppData\Local\Programs\MiKTeX\tex/latex/grfext\grfext.sty
Package: grfext 2019/12/03 v1.3 Manage graphics extensions (HO)
)
(C:\Users\Thibaut\AppData\Local\Programs\MiKTeX\tex/latex/epstopdf-pkg\epstopdf
-base.sty
Package: epstopdf-base 2020-01-24 v2.11 Base part for package epstopdf
Package epstopdf-base Info: Redefining graphics rule for `.eps' on input line 4
85.
Package grfext Info: Graphics extension search list:
(grfext)             [.pdf,.png,.jpg,.mps,.jpeg,.jbig2,.jb2,.PDF,.PNG,.JPG,.JPE
G,.JBIG2,.JB2,.eps]
(grfext)             \AppendGraphicsExtensions on input line 504.
))
(C:\Users\Thibaut\AppData\Local\Programs\MiKTeX\tex/latex/xcolor\xcolor.sty
Package: xcolor 2016/05/11 v2.12 LaTeX color extensions (UK)

(C:\Users\Thibaut\AppData\Local\Programs\MiKTeX\tex/latex/graphics-cfg\color.cf
g
File: color.cfg 2016/01/02 v1.6 sample color configuration
)
Package xcolor Info: Driver file: pdftex.def on input line 225.
Package xcolor Info: Model `cmy' substituted by `cmy0' on input line 1348.
Package xcolor Info: Model `hsb' substituted by `rgb' on input line 1352.
Package xcolor Info: Model `RGB' extended on input line 1364.
Package xcolor Info: Model `HTML' substituted by `rgb' on input line 1366.
Package xcolor Info: Model `Hsb' substituted by `hsb' on input line 1367.
Package xcolor Info: Model `tHsb' substituted by `hsb' on input line 1368.
Package xcolor Info: Model `HSB' substituted by `hsb' on input line 1369.
Package xcolor Info: Model `Gray' substituted by `gray' on input line 1370.
Package xcolor Info: Model `wave' substituted by `hsb' on input line 1371.
)
Package hyperref Info: Option `colorlinks' set `true' on input line 1322.

(C:\Users\Thibaut\AppData\Local\Programs\MiKTeX\tex/latex/oberdiek\hypcap.sty
Package: hypcap 2016/05/16 v1.12 Adjusting the anchors of captions (HO)
)
(C:\Users\Thibaut\AppData\Local\Programs\MiKTeX\tex/latex/algorithms\algorithm.
sty
Package: algorithm 2009/08/24 v0.1 Document Style `algorithm' - floating enviro
nment
 (C:\Users\Thibaut\AppData\Local\Programs\MiKTeX\tex/latex/float\float.sty
Package: float 2001/11/08 v1.3d Float enhancements (AL)
\c@float@type=\count274
\float@exts=\toks39
\float@box=\box49
\@float@everytoks=\toks40
\@floatcapt=\box50
)
\@float@every@algorithm=\toks41
\c@algorithm=\count275
)
(C:\Users\Thibaut\AppData\Local\Programs\MiKTeX\tex/latex/cleveref\cleveref.sty
Package: cleveref 2018/03/27 v0.21.4 Intelligent cross-referencing
Package cleveref Info: `hyperref' support loaded on input line 2370.
LaTeX Info: Redefining \cref on input line 2370.
LaTeX Info: Redefining \Cref on input line 2370.
LaTeX Info: Redefining \crefrange on input line 2370.
LaTeX Info: Redefining \Crefrange on input line 2370.
LaTeX Info: Redefining \cpageref on input line 2370.
LaTeX Info: Redefining \Cpageref on input line 2370.
LaTeX Info: Redefining \cpagerefrange on input line 2370.
LaTeX Info: Redefining \Cpagerefrange on input line 2370.
LaTeX Info: Redefining \labelcref on input line 2370.
LaTeX Info: Redefining \labelcpageref on input line 2370.
Package cleveref Info: `ntheorem' support loaded on input line 3055.
Package cleveref Info: always capitalise cross-reference names on input line 78
30.
Package cleveref Info: include cross-reference names in hyperlinks on input lin
e 7836.
Package cleveref Info: always capitalise cross-reference names on input line 78
52.
Package cleveref Info: include cross-reference names in hyperlinks on input lin
e 7852.
)
\c@currproofctr=\count276
\c@endproofctr=\count277
\c@proof=\count278
\c@currtheoremctr=\count279
\c@endtheoremctr=\count280
\c@theorem=\count281
\c@currlemmactr=\count282
\c@endlemmactr=\count283
\c@currcorollaryctr=\count284
\c@endcorollaryctr=\count285
\c@currpropositionctr=\count286
\c@endpropositionctr=\count287
\c@currdefinitionctr=\count288
\c@enddefinitionctr=\count289
 (C:\Users\Thibaut\AppData\Local\Programs\MiKTeX\tex/latex/lineno\lineno.sty
Package: lineno 2005/11/02 line numbers on paragraphs v4.41
\linenopenalty=\count290
\output=\toks42
\linenoprevgraf=\count291
\linenumbersep=\dimen160
\linenumberwidth=\dimen161
\c@linenumber=\count292
\c@pagewiselinenumber=\count293
\c@LN@truepage=\count294
\c@internallinenumber=\count295
\c@internallinenumbers=\count296
\quotelinenumbersep=\dimen162
\bframerule=\dimen163
\bframesep=\dimen164
\bframebox=\box51
LaTeX Info: Redefining \\ on input line 3056.
)) (C:\Users\Thibaut\AppData\Local\Programs\MiKTeX\tex/latex/amsfonts\amssymb.s
ty
Package: amssymb 2013/01/14 v3.01 AMS font symbols

(C:\Users\Thibaut\AppData\Local\Programs\MiKTeX\tex/latex/amsfonts\amsfonts.sty
Package: amsfonts 2013/01/14 v3.01 Basic AMSFonts support
\symAMSa=\mathgroup4
\symAMSb=\mathgroup5
LaTeX Font Info:    Redeclaring math symbol \hbar on input line 98.
LaTeX Font Info:    Overwriting math alphabet `\mathfrak' in version `bold'
(Font)                  U/euf/m/n --> U/euf/b/n on input line 106.
))
(C:\Users\Thibaut\AppData\Local\Programs\MiKTeX\tex/latex/doublestroke\dsfont.s
ty
Package: dsfont 1995/08/01 v0.1 Double stroke roman fonts
) (MyMnSymbol.sty
Package: MyMnSymbol 2007/01/21 v1.4 Underbraces from MnSymbol
\symlargesymbolsX=\mathgroup6
LaTeX Font Info:    Redeclaring math symbol \braceld on input line 24.
LaTeX Font Info:    Redeclaring math symbol \bracelu on input line 25.
LaTeX Font Info:    Redeclaring math symbol \bracerd on input line 26.
LaTeX Font Info:    Redeclaring math symbol \braceru on input line 27.
LaTeX Info: Redefining \overbrace on input line 101.
LaTeX Info: Redefining \underbrace on input line 102.
)
(C:\Users\Thibaut\AppData\Local\Programs\MiKTeX\tex/latex/nicematrix\nicematrix
.sty
(C:\Users\Thibaut\AppData\Local\Programs\MiKTeX\tex/latex/pgf/basiclayer\pgfcor
e.sty
(C:\Users\Thibaut\AppData\Local\Programs\MiKTeX\tex/latex/pgf/systemlayer\pgfsy
s.sty
(C:\Users\Thibaut\AppData\Local\Programs\MiKTeX\tex/latex/pgf/utilities\pgfrcs.
sty
(C:\Users\Thibaut\AppData\Local\Programs\MiKTeX\tex/generic/pgf/utilities\pgfut
il-common.tex
\pgfutil@everybye=\toks43
\pgfutil@tempdima=\dimen165
\pgfutil@tempdimb=\dimen166

(C:\Users\Thibaut\AppData\Local\Programs\MiKTeX\tex/generic/pgf/utilities\pgfut
il-common-lists.tex))
(C:\Users\Thibaut\AppData\Local\Programs\MiKTeX\tex/generic/pgf/utilities\pgfut
il-latex.def
\pgfutil@abb=\box52
)
(C:\Users\Thibaut\AppData\Local\Programs\MiKTeX\tex/generic/pgf/utilities\pgfrc
s.code.tex
(C:\Users\Thibaut\AppData\Local\Programs\MiKTeX\tex/generic/pgf\pgf.revision.te
x)
Package: pgfrcs 2020/10/01 v3.1.6a (3.1.6a)
))
(C:\Users\Thibaut\AppData\Local\Programs\MiKTeX\tex/generic/pgf/systemlayer\pgf
sys.code.tex
Package: pgfsys 2020/10/01 v3.1.6a (3.1.6a)

(C:\Users\Thibaut\AppData\Local\Programs\MiKTeX\tex/generic/pgf/utilities\pgfke
ys.code.tex
\pgfkeys@pathtoks=\toks44
\pgfkeys@temptoks=\toks45

(C:\Users\Thibaut\AppData\Local\Programs\MiKTeX\tex/generic/pgf/utilities\pgfke
ysfiltered.code.tex
\pgfkeys@tmptoks=\toks46
))
\pgf@x=\dimen167
\pgf@y=\dimen168
\pgf@xa=\dimen169
\pgf@ya=\dimen170
\pgf@xb=\dimen171
\pgf@yb=\dimen172
\pgf@xc=\dimen173
\pgf@yc=\dimen174
\pgf@xd=\dimen175
\pgf@yd=\dimen176
\w@pgf@writea=\write3
\r@pgf@reada=\read2
\c@pgf@counta=\count297
\c@pgf@countb=\count298
\c@pgf@countc=\count299
\c@pgf@countd=\count300
\t@pgf@toka=\toks47
\t@pgf@tokb=\toks48
\t@pgf@tokc=\toks49
\pgf@sys@id@count=\count301

(C:\Users\Thibaut\AppData\Local\Programs\MiKTeX\tex/generic/pgf/systemlayer\pgf
.cfg
File: pgf.cfg 2020/10/01 v3.1.6a (3.1.6a)
)
Driver file for pgf: pgfsys-pdftex.def

(C:\Users\Thibaut\AppData\Local\Programs\MiKTeX\tex/generic/pgf/systemlayer\pgf
sys-pdftex.def
File: pgfsys-pdftex.def 2020/10/01 v3.1.6a (3.1.6a)

(C:\Users\Thibaut\AppData\Local\Programs\MiKTeX\tex/generic/pgf/systemlayer\pgf
sys-common-pdf.def
File: pgfsys-common-pdf.def 2020/10/01 v3.1.6a (3.1.6a)
)))
(C:\Users\Thibaut\AppData\Local\Programs\MiKTeX\tex/generic/pgf/systemlayer\pgf
syssoftpath.code.tex
File: pgfsyssoftpath.code.tex 2020/10/01 v3.1.6a (3.1.6a)
\pgfsyssoftpath@smallbuffer@items=\count302
\pgfsyssoftpath@bigbuffer@items=\count303
)
(C:\Users\Thibaut\AppData\Local\Programs\MiKTeX\tex/generic/pgf/systemlayer\pgf
sysprotocol.code.tex
File: pgfsysprotocol.code.tex 2020/10/01 v3.1.6a (3.1.6a)
))
(C:\Users\Thibaut\AppData\Local\Programs\MiKTeX\tex/generic/pgf/basiclayer\pgfc
ore.code.tex
Package: pgfcore 2020/10/01 v3.1.6a (3.1.6a)

(C:\Users\Thibaut\AppData\Local\Programs\MiKTeX\tex/generic/pgf/math\pgfmath.co
de.tex
(C:\Users\Thibaut\AppData\Local\Programs\MiKTeX\tex/generic/pgf/math\pgfmathcal
c.code.tex
(C:\Users\Thibaut\AppData\Local\Programs\MiKTeX\tex/generic/pgf/math\pgfmathuti
l.code.tex)
(C:\Users\Thibaut\AppData\Local\Programs\MiKTeX\tex/generic/pgf/math\pgfmathpar
ser.code.tex
\pgfmath@dimen=\dimen177
\pgfmath@count=\count304
\pgfmath@box=\box53
\pgfmath@toks=\toks50
\pgfmath@stack@operand=\toks51
\pgfmath@stack@operation=\toks52
)
(C:\Users\Thibaut\AppData\Local\Programs\MiKTeX\tex/generic/pgf/math\pgfmathfun
ctions.code.tex
(C:\Users\Thibaut\AppData\Local\Programs\MiKTeX\tex/generic/pgf/math\pgfmathfun
ctions.basic.code.tex)
(C:\Users\Thibaut\AppData\Local\Programs\MiKTeX\tex/generic/pgf/math\pgfmathfun
ctions.trigonometric.code.tex)
(C:\Users\Thibaut\AppData\Local\Programs\MiKTeX\tex/generic/pgf/math\pgfmathfun
ctions.random.code.tex)
(C:\Users\Thibaut\AppData\Local\Programs\MiKTeX\tex/generic/pgf/math\pgfmathfun
ctions.comparison.code.tex)
(C:\Users\Thibaut\AppData\Local\Programs\MiKTeX\tex/generic/pgf/math\pgfmathfun
ctions.base.code.tex)
(C:\Users\Thibaut\AppData\Local\Programs\MiKTeX\tex/generic/pgf/math\pgfmathfun
ctions.round.code.tex)
(C:\Users\Thibaut\AppData\Local\Programs\MiKTeX\tex/generic/pgf/math\pgfmathfun
ctions.misc.code.tex)
(C:\Users\Thibaut\AppData\Local\Programs\MiKTeX\tex/generic/pgf/math\pgfmathfun
ctions.integerarithmetics.code.tex)))
(C:\Users\Thibaut\AppData\Local\Programs\MiKTeX\tex/generic/pgf/math\pgfmathflo
at.code.tex
\c@pgfmathroundto@lastzeros=\count305
))
(C:\Users\Thibaut\AppData\Local\Programs\MiKTeX\tex/generic/pgf/math\pgfint.cod
e.tex)
(C:\Users\Thibaut\AppData\Local\Programs\MiKTeX\tex/generic/pgf/basiclayer\pgfc
orepoints.code.tex
File: pgfcorepoints.code.tex 2020/10/01 v3.1.6a (3.1.6a)
\pgf@picminx=\dimen178
\pgf@picmaxx=\dimen179
\pgf@picminy=\dimen180
\pgf@picmaxy=\dimen181
\pgf@pathminx=\dimen182
\pgf@pathmaxx=\dimen183
\pgf@pathminy=\dimen184
\pgf@pathmaxy=\dimen185
\pgf@xx=\dimen186
\pgf@xy=\dimen187
\pgf@yx=\dimen188
\pgf@yy=\dimen189
\pgf@zx=\dimen190
\pgf@zy=\dimen191
)
(C:\Users\Thibaut\AppData\Local\Programs\MiKTeX\tex/generic/pgf/basiclayer\pgfc
orepathconstruct.code.tex
File: pgfcorepathconstruct.code.tex 2020/10/01 v3.1.6a (3.1.6a)
\pgf@path@lastx=\dimen192
\pgf@path@lasty=\dimen193
)
(C:\Users\Thibaut\AppData\Local\Programs\MiKTeX\tex/generic/pgf/basiclayer\pgfc
orepathusage.code.tex
File: pgfcorepathusage.code.tex 2020/10/01 v3.1.6a (3.1.6a)
\pgf@shorten@end@additional=\dimen194
\pgf@shorten@start@additional=\dimen195
)
(C:\Users\Thibaut\AppData\Local\Programs\MiKTeX\tex/generic/pgf/basiclayer\pgfc
orescopes.code.tex
File: pgfcorescopes.code.tex 2020/10/01 v3.1.6a (3.1.6a)
\pgfpic=\box54
\pgf@hbox=\box55
\pgf@layerbox@main=\box56
\pgf@picture@serial@count=\count306
)
(C:\Users\Thibaut\AppData\Local\Programs\MiKTeX\tex/generic/pgf/basiclayer\pgfc
oregraphicstate.code.tex
File: pgfcoregraphicstate.code.tex 2020/10/01 v3.1.6a (3.1.6a)
\pgflinewidth=\dimen196
)
(C:\Users\Thibaut\AppData\Local\Programs\MiKTeX\tex/generic/pgf/basiclayer\pgfc
oretransformations.code.tex
File: pgfcoretransformations.code.tex 2020/10/01 v3.1.6a (3.1.6a)
\pgf@pt@x=\dimen197
\pgf@pt@y=\dimen198
\pgf@pt@temp=\dimen199
)
(C:\Users\Thibaut\AppData\Local\Programs\MiKTeX\tex/generic/pgf/basiclayer\pgfc
orequick.code.tex
File: pgfcorequick.code.tex 2020/10/01 v3.1.6a (3.1.6a)
)
(C:\Users\Thibaut\AppData\Local\Programs\MiKTeX\tex/generic/pgf/basiclayer\pgfc
oreobjects.code.tex
File: pgfcoreobjects.code.tex 2020/10/01 v3.1.6a (3.1.6a)
)
(C:\Users\Thibaut\AppData\Local\Programs\MiKTeX\tex/generic/pgf/basiclayer\pgfc
orepathprocessing.code.tex
File: pgfcorepathprocessing.code.tex 2020/10/01 v3.1.6a (3.1.6a)
)
(C:\Users\Thibaut\AppData\Local\Programs\MiKTeX\tex/generic/pgf/basiclayer\pgfc
orearrows.code.tex
File: pgfcorearrows.code.tex 2020/10/01 v3.1.6a (3.1.6a)
\pgfarrowsep=\dimen256
)
(C:\Users\Thibaut\AppData\Local\Programs\MiKTeX\tex/generic/pgf/basiclayer\pgfc
oreshade.code.tex
File: pgfcoreshade.code.tex 2020/10/01 v3.1.6a (3.1.6a)
\pgf@max=\dimen257
\pgf@sys@shading@range@num=\count307
\pgf@shadingcount=\count308
)
(C:\Users\Thibaut\AppData\Local\Programs\MiKTeX\tex/generic/pgf/basiclayer\pgfc
oreimage.code.tex
File: pgfcoreimage.code.tex 2020/10/01 v3.1.6a (3.1.6a)

(C:\Users\Thibaut\AppData\Local\Programs\MiKTeX\tex/generic/pgf/basiclayer\pgfc
oreexternal.code.tex
File: pgfcoreexternal.code.tex 2020/10/01 v3.1.6a (3.1.6a)
\pgfexternal@startupbox=\box57
))
(C:\Users\Thibaut\AppData\Local\Programs\MiKTeX\tex/generic/pgf/basiclayer\pgfc
orelayers.code.tex
File: pgfcorelayers.code.tex 2020/10/01 v3.1.6a (3.1.6a)
)
(C:\Users\Thibaut\AppData\Local\Programs\MiKTeX\tex/generic/pgf/basiclayer\pgfc
oretransparency.code.tex
File: pgfcoretransparency.code.tex 2020/10/01 v3.1.6a (3.1.6a)
)
(C:\Users\Thibaut\AppData\Local\Programs\MiKTeX\tex/generic/pgf/basiclayer\pgfc
orepatterns.code.tex
File: pgfcorepatterns.code.tex 2020/10/01 v3.1.6a (3.1.6a)
)
(C:\Users\Thibaut\AppData\Local\Programs\MiKTeX\tex/generic/pgf/basiclayer\pgfc
orerdf.code.tex
File: pgfcorerdf.code.tex 2020/10/01 v3.1.6a (3.1.6a)
)))
(C:\Users\Thibaut\AppData\Local\Programs\MiKTeX\tex/generic/pgf/modules\pgfmodu
leshapes.code.tex
File: pgfmoduleshapes.code.tex 2020/10/01 v3.1.6a (3.1.6a)
\pgfnodeparttextbox=\box58
)
(C:\Users\Thibaut\AppData\Local\Programs\MiKTeX\tex/latex/l3packages/l3keys2e\l
3keys2e.sty
(C:\Users\Thibaut\AppData\Local\Programs\MiKTeX\tex/latex/l3kernel\expl3.sty
Package: expl3 2020-10-27 L3 programming layer (loader) 

(C:\Users\Thibaut\AppData\Local\Programs\MiKTeX\tex/latex/l3backend\l3backend-p
dftex.def
File: l3backend-pdftex.def 2020-09-24 L3 backend support: PDF output (pdfTeX)
\l__kernel_color_stack_int=\count309
\l__pdf_internal_box=\box59
))
Package: l3keys2e 2020-10-27 LaTeX2e option processing using LaTeX3 keys
)
Package: nicematrix 2021/04/25 v5.15 Enhanced arrays with the help of PGF/TikZ

(C:\Users\Thibaut\AppData\Local\Programs\MiKTeX\tex/latex/l3packages/xparse\xpa
rse.sty
Package: xparse 2020-10-27 L3 Experimental document command parser

(C:\Users\Thibaut\AppData\Local\Programs\MiKTeX\tex/latex/l3packages/xparse\xpa
rse-generic.tex))
(C:\Users\Thibaut\AppData\Local\Programs\MiKTeX\tex/latex/tools\array.sty
Package: array 2019/08/31 v2.4l Tabular extension package (FMi)
\col@sep=\dimen258
\ar@mcellbox=\box60
\extrarowheight=\dimen259
\NC@list=\toks53
\extratabsurround=\skip65
\backup@length=\skip66
\ar@cellbox=\box61
)
\g__nicematrix_env_int=\count310
\g__nicematrix_NiceMatrixBlock_int=\count311
\l__nicematrix_columns_width_dim=\dimen260
\g__nicematrix_blocks_wd_dim=\dimen261
\g__nicematrix_blocks_ht_dim=\dimen262
\g__nicematrix_blocks_dp_dim=\dimen263
\l__nicematrix_tabular_width_dim=\dimen264
\l__nicematrix_old_iRow_int=\count312
\l__nicematrix_old_jCol_int=\count313
\l__nicematrix_x_initial_dim=\dimen265
\l__nicematrix_y_initial_dim=\dimen266
\l__nicematrix_x_final_dim=\dimen267
\l__nicematrix_y_final_dim=\dimen268
\l_tmpc_dim=\dimen269
\l_tmpd_dim=\dimen270
\g__nicematrix_width_last_col_dim=\dimen271
\g__nicematrix_width_first_col_dim=\dimen272
\l__nicematrix_row_min_int=\count314
\l__nicematrix_row_max_int=\count315
\l__nicematrix_col_min_int=\count316
\l__nicematrix_col_max_int=\count317
\g__nicematrix_static_num_of_col_int=\count318
\l__nicematrix_rounded_corners_dim=\dimen273
\l__nicematrix_line_width_dim=\dimen274
\g__nicematrix_block_box_int=\count319
\l__nicematrix_submatrix_extra_height_dim=\dimen275
\l__nicematrix_submatrix_left_xshift_dim=\dimen276
\l__nicematrix_submatrix_right_xshift_dim=\dimen277
\l__nicematrix_first_row_int=\count320
\l__nicematrix_first_col_int=\count321
\l__nicematrix_last_row_int=\count322
\l__nicematrix_last_col_int=\count323
\c@tabularnote=\count324
\l__nicematrix_number_of_notes_int=\count325
\l__nicematrix_cell_space_top_limit_dim=\dimen278
\l__nicematrix_cell_space_bottom_limit_dim=\dimen279
\l__nicematrix_inter_dots_dim=\dimen280
\l__nicematrix_xdots_shorten_dim=\dimen281
\l__nicematrix_radius_dim=\dimen282
\l__nicematrix_notes_above_space_dim=\dimen283
\l__nicematrix_left_margin_dim=\dimen284
\l__nicematrix_right_margin_dim=\dimen285
\l__nicematrix_extra_left_margin_dim=\dimen286
\l__nicematrix_extra_right_margin_dim=\dimen287
\c__nicematrix_max_l_dim=\dimen288
)
\c@currremarkctr=\count326
\c@endremarkctr=\count327

(article.aux)
\openout1 = `article.aux'.

LaTeX Font Info:    Checking defaults for OML/cmm/m/it on input line 35.
LaTeX Font Info:    ... okay on input line 35.
LaTeX Font Info:    Checking defaults for OMS/cmsy/m/n on input line 35.
LaTeX Font Info:    ... okay on input line 35.
LaTeX Font Info:    Checking defaults for OT1/cmr/m/n on input line 35.
LaTeX Font Info:    ... okay on input line 35.
LaTeX Font Info:    Checking defaults for T1/cmr/m/n on input line 35.
LaTeX Font Info:    ... okay on input line 35.
LaTeX Font Info:    Checking defaults for TS1/cmr/m/n on input line 35.
LaTeX Font Info:    ... okay on input line 35.
LaTeX Font Info:    Checking defaults for OMX/cmex/m/n on input line 35.
LaTeX Font Info:    ... okay on input line 35.
LaTeX Font Info:    Checking defaults for U/cmr/m/n on input line 35.
LaTeX Font Info:    ... okay on input line 35.
LaTeX Font Info:    Checking defaults for PD1/pdf/m/n on input line 35.
LaTeX Font Info:    ... okay on input line 35.
Package hyperref Info: Link coloring ON on input line 35.

(C:\Users\Thibaut\AppData\Local\Programs\MiKTeX\tex/latex/hyperref\nameref.sty
Package: nameref 2019/09/16 v2.46 Cross-referencing by name of section

(C:\Users\Thibaut\AppData\Local\Programs\MiKTeX\tex/latex/refcount\refcount.sty
Package: refcount 2019/12/15 v3.6 Data extraction from label references (HO)
)
(C:\Users\Thibaut\AppData\Local\Programs\MiKTeX\tex/generic/gettitlestring\gett
itlestring.sty
Package: gettitlestring 2019/12/15 v1.6 Cleanup title references (HO)
)
\c@section@level=\count328
)
LaTeX Info: Redefining \ref on input line 35.
LaTeX Info: Redefining \pageref on input line 35.
LaTeX Info: Redefining \nameref on input line 35.
 (article.out) (article.out)
\@outlinefile=\write4
\openout4 = `article.out'.


(C:\Users\Thibaut\AppData\Local\Programs\MiKTeX\tex/context/base/mkii\supp-pdf.
mkii
[Loading MPS to PDF converter (version 2006.09.02).]
\scratchcounter=\count329
\scratchdimen=\dimen289
\scratchbox=\box62
\nofMPsegments=\count330
\nofMParguments=\count331
\everyMPshowfont=\toks54
\MPscratchCnt=\count332
\MPscratchDim=\dimen290
\MPnumerator=\count333
\makeMPintoPDFobject=\count334
\everyMPtoPDFconversion=\toks55
)
LaTeX Font Info:    Trying to load font information for U+msa on input line 37.

 (C:\Users\Thibaut\AppData\Local\Programs\MiKTeX\tex/latex/amsfonts\umsa.fd
File: umsa.fd 2013/01/14 v3.01 AMS symbols A
)
LaTeX Font Info:    Trying to load font information for U+msb on input line 37.


(C:\Users\Thibaut\AppData\Local\Programs\MiKTeX\tex/latex/amsfonts\umsb.fd
File: umsb.fd 2013/01/14 v3.01 AMS symbols B
)
Underfull \hbox (badness 10000) in paragraph at lines 37--37
[][]\OT1/cmr/m/n/8 LISN, Cen-trale-Supelec, Uni-ver-site Paris-Saclay, Or-say
, France
 []

\g__nicematrix_max_cell_width_dim=\dimen291
\c@iRow=\count335
\c@jCol=\count336
\l__nicematrix_cell_box=\box63
\g__nicematrix_row_total_int=\count337
\g__nicematrix_col_total_int=\count338
\l__nicematrix_the_array_box=\box64
\l__nicematrix_left_delim_dim=\dimen292
\l__nicematrix_right_delim_dim=\dimen293
\g__nicematrix_dp_row_zero_dim=\dimen294
\g__nicematrix_ht_row_zero_dim=\dimen295
\g__nicematrix_ht_row_one_dim=\dimen296
\g__nicematrix_dp_ante_last_row_dim=\dimen297
\g__nicematrix_ht_last_row_dim=\dimen298
\g__nicematrix_dp_last_row_dim=\dimen299
\g__nicematrix_block_box_1_box=\box65
\g__nicematrix_ddots_int=\count339
\g__nicematrix_iddots_int=\count340
\g__nicematrix_delta_x_one_dim=\dimen300
\g__nicematrix_delta_y_one_dim=\dimen301
\g__nicematrix_delta_x_two_dim=\dimen302
\g__nicematrix_delta_y_two_dim=\dimen303
\l__nicematrix_initial_i_int=\count341
\l__nicematrix_initial_j_int=\count342
\l__nicematrix_final_i_int=\count343
\l__nicematrix_final_j_int=\count344
[1

{C:/Users/Thibaut/AppData/Local/MiKTeX/pdftex/config/pdftex.map}]
Package hyperref Info: bookmark level for unknown definition defaults to 0 on i
nput line 180.

Overfull \hbox (2.18948pt too wide) in paragraph at lines 205--208
[]\OT1/cmr/m/it/10 There is a largest in-te-ger de-noted by $[]\OT1/cmr/m/n/10 
(\OML/cmm/m/it/10 n\OT1/cmr/m/n/10 )$ \OT1/cmr/m/it/10 such that $\OT1/cmr/m/n/
10 [ [1\OML/cmm/m/it/10 ; []\OT1/cmr/m/n/10 (\OML/cmm/m/it/10 n\OT1/cmr/m/n/10 
)] ]$|
 []

[2]

Package hyperref Warning: Token not allowed in a PDF string (PDFDocEncoding):
(hyperref)                removing `math shift' on input line 234.


Package hyperref Warning: Token not allowed in a PDF string (PDFDocEncoding):
(hyperref)                removing `\leavevmode@ifvmode' on input line 234.


Package hyperref Warning: Token not allowed in a PDF string (PDFDocEncoding):
(hyperref)                \kern -1.91705pt
(hyperref)                removed on input line 234.


Package hyperref Warning: Token not allowed in a PDF string (PDFDocEncoding):
(hyperref)                removing `superscript' on input line 234.


Package hyperref Warning: Token not allowed in a PDF string (PDFDocEncoding):
(hyperref)                removing `\leavevmode@ifvmode' on input line 234.


Package hyperref Warning: Token not allowed in a PDF string (PDFDocEncoding):
(hyperref)                \kern -1.91705pt
(hyperref)                removed on input line 234.

Package hyperref Info: bookmark level for unknown proposition defaults to 0 on 
input line 255.
Package hyperref Info: bookmark level for unknown proof defaults to 0 on input 
line 264.

Underfull \hbox (badness 10000) in paragraph at lines 264--266

 []

Package hyperref Info: bookmark level for unknown theorem defaults to 0 on inpu
t line 275.
[3]
\l__nicematrix_last_empty_row_int=\count345
\l__nicematrix_last_empty_column_int=\count346

Overfull \hbox (1.53445pt too wide) in paragraph at lines 353--381
 [][] |
 []

[4]
Underfull \hbox (badness 10000) in paragraph at lines 527--531

 []

Package hyperref Info: bookmark level for unknown corollary defaults to 0 on in
put line 568.
[5]
Underfull \hbox (badness 10000) in paragraph at lines 605--608

 []


Underfull \hbox (badness 10000) in paragraph at lines 618--620

 []

[6]
Underfull \hbox (badness 10000) in paragraph at lines 736--738

 []

[7]
\g__nicematrix_block_box_2_box=\box66
\g__nicematrix_block_box_3_box=\box67
 [8]
Underfull \hbox (badness 10000) in paragraph at lines 922--924

 []

[9]
Package hyperref Info: bookmark level for unknown remark defaults to 0 on input
 line 938.


Package hyperref Warning: Token not allowed in a PDF string (PDFDocEncoding):
(hyperref)                removing `math shift' on input line 947.


Package hyperref Warning: Token not allowed in a PDF string (PDFDocEncoding):
(hyperref)                removing `\leavevmode@ifvmode' on input line 947.


Package hyperref Warning: Token not allowed in a PDF string (PDFDocEncoding):
(hyperref)                \kern -1.91705pt
(hyperref)                removed on input line 947.


Package hyperref Warning: Token not allowed in a PDF string (PDFDocEncoding):
(hyperref)                removing `superscript' on input line 947.


Package hyperref Warning: Token not allowed in a PDF string (PDFDocEncoding):
(hyperref)                removing `\leavevmode@ifvmode' on input line 947.


Package hyperref Warning: Token not allowed in a PDF string (PDFDocEncoding):
(hyperref)                \kern -1.91705pt
(hyperref)                removed on input line 947.

LaTeX Font Info:    Trying to load font information for U+dsrom on input line 9
52.

(C:\Users\Thibaut\AppData\Local\Programs\MiKTeX\tex/latex/doublestroke\udsrom.f
d
File: Udsrom.fd 1995/08/01 v0.1 Double stroke roman font definitions
)
Underfull \hbox (badness 10000) in paragraph at lines 989--990

 []


Underfull \hbox (badness 10000) in paragraph at lines 1019--1020

 []

[10]
Underfull \hbox (badness 10000) in paragraph at lines 1063--1065

 []

[11]
Underfull \hbox (badness 10000) in paragraph at lines 1133--1136

 []

[12]
Underfull \hbox (badness 10000) in paragraph at lines 1224--1229

 []


Underfull \hbox (badness 10000) in paragraph at lines 1232--1236

 []


Underfull \hbox (badness 6316) in paragraph at lines 1248--1251
[]\OT1/cmr/m/n/10 If $\OML/cmm/m/it/10 x \OT1/cmr/m/n/10 + \OML/cmm/m/it/10 \O
T1/cmr/m/n/10 (\OML/cmm/m/it/10 y\OT1/cmr/m/n/10 ) \OML/cmm/m/it/10 > a \OT1/cm
r/m/n/10 + \OML/cmm/m/it/10 b$ \OT1/cmr/m/n/10 then given that $\OML/cmm/m/it/1
0 f$ \OT1/cmr/m/n/10 is a WS-template
 []


Underfull \hbox (badness 10000) in paragraph at lines 1248--1251
\OT1/cmr/m/n/10 and since $[]$, $[]$. Fur-ther-
 []


Underfull \hbox (badness 10000) in paragraph at lines 1248--1251
\OT1/cmr/m/n/10 more $[]$ (Propo-si-tion [][]3.6[][]), such that
 []


Underfull \hbox (badness 10000) in paragraph at lines 1254--1257

 []

[13]
Underfull \hbox (badness 3503) in paragraph at lines 1281--1284
[]\OT1/cmr/m/n/10 If $\OML/cmm/m/it/10 \OT1/cmr/m/n/10 (\OML/cmm/m/it/10 x\OT1
/cmr/m/n/10 ) + \OML/cmm/m/it/10 \OT1/cmr/m/n/10 (\OML/cmm/m/it/10 y\OT1/cmr/m
/n/10 ) \OML/cmm/m/it/10 > a \OT1/cmr/m/n/10 + \OML/cmm/m/it/10 b$ \OT1/cmr/m/n
/10 then given that $\OML/cmm/m/it/10 f$ \OT1/cmr/m/n/10 is a WS-template,
 []


Underfull \hbox (badness 10000) in paragraph at lines 1281--1284
[]$ \OT1/cmr/m/n/10 since $[]$. Be-
 []


Underfull \hbox (badness 10000) in paragraph at lines 1281--1284
\OT1/cmr/m/n/10 sides, $[]$ (Propo-si-tion [][]3.8[][]). Hence
 []


Underfull \hbox (badness 10000) in paragraph at lines 1287--1290

 []


Underfull \hbox (badness 10000) in paragraph at lines 1293--1294

 []


Underfull \hbox (badness 10000) in paragraph at lines 1312--1314

 []


LaTeX Font Warning: Font shape `OT1/cmr/m/scit' undefined
(Font)              using `OT1/cmr/m/sc' instead on input line 1319.


Underfull \vbox (badness 10000) has occurred while \output is active []

 [14]
Underfull \hbox (badness 10000) in paragraph at lines 1361--1362

 []

[15]
Underfull \hbox (badness 10000) in paragraph at lines 1406--1407

 []


Underfull \hbox (badness 10000) in paragraph at lines 1426--1428

 []


Underfull \hbox (badness 10000) in paragraph at lines 1439--1441

 []

[16]

Package hyperref Warning: Token not allowed in a PDF string (PDFDocEncoding):
(hyperref)                removing `math shift' on input line 1528.


Package hyperref Warning: Token not allowed in a PDF string (PDFDocEncoding):
(hyperref)                removing `\geqslant' on input line 1528.

[17] (article.bbl
Underfull \hbox (badness 10000) in paragraph at lines 14--17
[]\OT1/cmr/m/sc/8 B. Bouzy\OT1/cmr/m/n/8 , \OT1/cmr/m/it/8 An Ab-stract Pro-ce-
dure to Com-pute Weak Schur Num-
 []


Underfull \hbox (badness 10000) in paragraph at lines 14--17
\OT1/cmr/m/it/8 ber Lower Bounds\OT1/cmr/m/n/8 , 2015, [][]$https : / / www . s
emanticscholar . org / paper /
 []


Underfull \hbox (badness 10000) in paragraph at lines 14--17
\OT1/cmr/m/n/8 An-[]Abstract-[]Procedure-[]to-[]Compute-[]Weak-[]Schur-[]Number
-[]Bouzy /
 []

[18])

Package hyperref Warning: Token not allowed in a PDF string (PDFDocEncoding):
(hyperref)                removing `math shift' on input line 1716.


Package hyperref Warning: Token not allowed in a PDF string (PDFDocEncoding):
(hyperref)                removing `\geqslant' on input line 1716.

\tf@thm=\write5
\openout5 = `article.thm'.

[19] [20] [21] (article.aux)
Package rerunfilecheck Info: File `article.out' has not changed.
(rerunfilecheck)             Checksum: 03CF3E91AA1FE8F60563EAC1FDE0A251;1616.
 ) 
Here is how much of TeX's memory you used:
 26010 strings out of 479799
 504718 string characters out of 2868772
 862814 words of memory out of 3000000
 40936 multiletter control sequences out of 15000+200000
 548673 words of font info for 81 fonts, out of 3000000 for 9000
 2715 hyphenation exceptions out of 8191
 80i,30n,86p,411b,2180s stack positions out of 5000i,500n,10000p,200000b,50000s
{C:/Users/Thibaut/AppData/Local/Programs/MiKTeX/fonts/enc/dvips/mnsymbol/MnSy
mbolE.enc}<C:/Users/Thibaut/AppData/Local/Programs/MiKTeX/fonts/type1/public/mn
symbol/MnSymbol9.pfb><C:/Users/Thibaut/AppData/Local/Programs/MiKTeX/fonts/type
1/public/amsfonts/cm/cmbx10.pfb><C:/Users/Thibaut/AppData/Local/Programs/MiKTeX
/fonts/type1/public/amsfonts/cm/cmbx8.pfb><C:/Users/Thibaut/AppData/Local/Progr
ams/MiKTeX/fonts/type1/public/amsfonts/cm/cmbx9.pfb><C:/Users/Thibaut/AppData/L
ocal/Programs/MiKTeX/fonts/type1/public/amsfonts/cm/cmcsc10.pfb><C:/Users/Thiba
ut/AppData/Local/Programs/MiKTeX/fonts/type1/public/amsfonts/cm/cmex10.pfb><C:/
Users/Thibaut/AppData/Local/Programs/MiKTeX/fonts/type1/public/amsfonts/cmextra
/cmex9.pfb><C:/Users/Thibaut/AppData/Local/Programs/MiKTeX/fonts/type1/public/a
msfonts/cm/cmmi10.pfb><C:/Users/Thibaut/AppData/Local/Programs/MiKTeX/fonts/typ
e1/public/amsfonts/cm/cmmi6.pfb><C:/Users/Thibaut/AppData/Local/Programs/MiKTeX
/fonts/type1/public/amsfonts/cm/cmmi7.pfb><C:/Users/Thibaut/AppData/Local/Progr
ams/MiKTeX/fonts/type1/public/amsfonts/cm/cmmi8.pfb><C:/Users/Thibaut/AppData/L
ocal/Programs/MiKTeX/fonts/type1/public/amsfonts/cm/cmmi9.pfb><C:/Users/Thibaut
/AppData/Local/Programs/MiKTeX/fonts/type1/public/amsfonts/cm/cmr10.pfb><C:/Use
rs/Thibaut/AppData/Local/Programs/MiKTeX/fonts/type1/public/amsfonts/cm/cmr5.pf
b><C:/Users/Thibaut/AppData/Local/Programs/MiKTeX/fonts/type1/public/amsfonts/c
m/cmr7.pfb><C:/Users/Thibaut/AppData/Local/Programs/MiKTeX/fonts/type1/public/a
msfonts/cm/cmr8.pfb><C:/Users/Thibaut/AppData/Local/Programs/MiKTeX/fonts/type1
/public/amsfonts/cm/cmr9.pfb><C:/Users/Thibaut/AppData/Local/Programs/MiKTeX/fo
nts/type1/public/amsfonts/cm/cmsy10.pfb><C:/Users/Thibaut/AppData/Local/Program
s/MiKTeX/fonts/type1/public/amsfonts/cm/cmsy5.pfb><C:/Users/Thibaut/AppData/Loc
al/Programs/MiKTeX/fonts/type1/public/amsfonts/cm/cmsy6.pfb><C:/Users/Thibaut/A
ppData/Local/Programs/MiKTeX/fonts/type1/public/amsfonts/cm/cmsy7.pfb><C:/Users
/Thibaut/AppData/Local/Programs/MiKTeX/fonts/type1/public/amsfonts/cm/cmsy8.pfb
><C:/Users/Thibaut/AppData/Local/Programs/MiKTeX/fonts/type1/public/amsfonts/cm
/cmsy9.pfb><C:/Users/Thibaut/AppData/Local/Programs/MiKTeX/fonts/type1/public/a
msfonts/cm/cmti10.pfb><C:/Users/Thibaut/AppData/Local/Programs/MiKTeX/fonts/typ
e1/public/amsfonts/cm/cmti7.pfb><C:/Users/Thibaut/AppData/Local/Programs/MiKTeX
/fonts/type1/public/amsfonts/cm/cmti8.pfb><C:/Users/Thibaut/AppData/Local/Progr
ams/MiKTeX/fonts/type1/public/doublestroke/dsrom10.pfb><C:/Users/Thibaut/AppDat
a/Local/Programs/MiKTeX/fonts/type1/public/amsfonts/symbols/msam10.pfb><C:/User
s/Thibaut/AppData/Local/Programs/MiKTeX/fonts/type1/public/amsfonts/symbols/msb
m10.pfb><C:/Users/Thibaut/AppData/Local/Programs/MiKTeX/fonts/type1/public/amsf
onts/symbols/msbm7.pfb>
Output written on article.pdf (21 pages, 514674 bytes).
PDF statistics:
 618 PDF objects out of 1000 (max. 8388607)
 142 named destinations out of 1000 (max. 500000)
 189 words of extra memory for PDF output out of 10000 (max. 10000000)

