\BOOKMARK [1][-]{section.1}{Introduction}{}% 1
\BOOKMARK [2][-]{subsection.2}{State of the art}{section.1}% 2
\BOOKMARK [2][-]{subsection.7}{Organization of this article}{section.1}% 3
\BOOKMARK [2][-]{subsection.8}{Definitions and notations}{section.1}% 4
\BOOKMARK [1][-]{section.14}{Templates for Schur numbers}{}% 5
\BOOKMARK [2][-]{subsection.15}{Definition of \040[[ 1, S+ ]] }{section.14}% 6
\BOOKMARK [2][-]{subsection.20}{Construction of Schur partitions using S-templates}{section.14}% 7
\BOOKMARK [2][-]{subsection.32}{New lower bounds for Schur numbers}{section.14}% 8
\BOOKMARK [2][-]{subsection.44}{Conclusion on S-templates}{section.14}% 9
\BOOKMARK [1][-]{section.45}{Templates for weak Schur numbers}{}% 10
\BOOKMARK [2][-]{subsection.46}{Inequality for weak Schur numbers using Schur and weak Schur numbers}{section.45}% 11
\BOOKMARK [2][-]{subsection.52}{Definition of [[ 1, WS+ ]]}{section.45}% 12
\BOOKMARK [2][-]{subsection.74}{Construction of weak Schur partitions using WS-templates}{section.45}% 13
\BOOKMARK [2][-]{subsection.84}{New lower bounds for Weak Schur numbers}{section.45}% 14
\BOOKMARK [2][-]{subsection.91}{Another approach: WS\(6\) 646}{section.45}% 15
\BOOKMARK [2][-]{subsection.92}{Conclusion on WS-templates}{section.45}% 16
\BOOKMARK [1][-]{section.93}{Conclusion and future work}{}% 17
\BOOKMARK [1][-]{section.94}{Acknowledgments}{}% 18
\BOOKMARK [1][-]{section.94}{References}{}% 19
\BOOKMARK [1][-]{appendix.95}{Appendix A. S-templates}{}% 20
\BOOKMARK [1][-]{appendix.102}{Appendix B. WS-templates}{}% 21
\BOOKMARK [1][-]{appendix.105}{Appendix C. WS\(6\) 646}{}% 22
