\BOOKMARK [1][-]{section.1}{\376\377\000I\000n\000t\000r\000o\000d\000u\000c\000t\000i\000o\000n}{}% 1
\BOOKMARK [1][-]{section.16}{\376\377\000C\000l\000a\000s\000s\000\040\000o\000p\000t\000i\000o\000n\000s}{}% 2
\BOOKMARK [1][-]{section.17}{\376\377\000F\000r\000o\000n\000t\000\040\000m\000a\000t\000t\000e\000r}{}% 3
\BOOKMARK [1][-]{section.44}{\376\377\000C\000r\000o\000s\000s\000\040\000r\000e\000f\000e\000r\000e\000n\000c\000e\000s\000\040\000a\000n\000d\000\040\000h\000y\000p\000e\000r\000l\000i\000n\000k\000s}{}% 4
\BOOKMARK [2][-]{subsection.45}{\376\377\000C\000l\000e\000v\000e\000r\000e\000f}{section.44}% 5
\BOOKMARK [2][-]{subsection.54}{\376\377\000H\000y\000p\000e\000r\000e\000f}{section.44}% 6
\BOOKMARK [1][-]{section.61}{\376\377\000M\000a\000t\000h\000\040\000a\000n\000d\000\040\000e\000q\000u\000a\000t\000i\000o\000n\000s}{}% 7
\BOOKMARK [1][-]{section.132}{\376\377\000T\000h\000e\000o\000r\000e\000m\000-\000l\000i\000k\000e\000\040\000e\000n\000v\000i\000r\000o\000n\000m\000e\000n\000t\000s}{}% 8
\BOOKMARK [1][-]{section.178}{\376\377\000T\000a\000b\000l\000e\000s}{}% 9
\BOOKMARK [1][-]{section.228}{\376\377\000F\000i\000g\000u\000r\000e\000s}{}% 10
\BOOKMARK [1][-]{section.280}{\376\377\000A\000l\000g\000o\000r\000i\000t\000h\000m\000s}{}% 11
\BOOKMARK [1][-]{section.306}{\376\377\000S\000e\000c\000t\000i\000o\000n\000s}{}% 12
\BOOKMARK [1][-]{section.307}{\376\377\000S\000u\000p\000p\000l\000e\000m\000e\000n\000t\000a\000l\000\040\000m\000a\000t\000e\000r\000i\000a\000l}{}% 13
\BOOKMARK [1][-]{section.308}{\376\377\000T\000e\000m\000p\000l\000a\000t\000e}{}% 14
\BOOKMARK [1][-]{section.357}{\376\377\000B\000i\000b\000l\000i\000o\000g\000r\000a\000p\000h\000y}{}% 15
\BOOKMARK [2][-]{subsection.358}{\376\377\000D\000O\000I}{section.357}% 16
\BOOKMARK [2][-]{subsection.373}{\376\377\000U\000R\000L}{section.357}% 17
\BOOKMARK [2][-]{subsection.385}{\376\377\000P\000r\000e\000p\000r\000i\000n\000t\000\040\000s\000e\000r\000v\000e\000r\000s\000\040\000s\000u\000c\000h\000\040\000a\000s\000\040\000a\000r\000X\000i\000v}{section.357}% 18
\BOOKMARK [2][-]{subsection.415}{\376\377\000A\000r\000t\000i\000c\000l\000e\000\040\000I\000D}{section.357}% 19
\BOOKMARK [2][-]{subsection.429}{\376\377\000S\000o\000f\000t\000w\000a\000r\000e\000\040\000c\000i\000t\000a\000t\000i\000o\000n\000s}{section.357}% 20
\BOOKMARK [1][-]{appendix.440}{\376\377\000A\000p\000p\000e\000n\000d\000i\000x\000\040\000A\000.\000\040\000S\000u\000m\000m\000a\000r\000y\000\040\000o\000f\000\040\000m\000a\000j\000o\000r\000\040\000c\000h\000a\000n\000g\000e\000s}{}% 21
\BOOKMARK [1][-]{appendix.441}{\376\377\000A\000p\000p\000e\000n\000d\000i\000x\000\040\000B\000.\000\040\000S\000p\000e\000c\000i\000a\000l\000\040\000m\000o\000d\000i\000f\000i\000c\000a\000t\000i\000o\000n\000s}{}% 22
\BOOKMARK [2][-]{subsection.442}{\376\377\000S\000p\000e\000c\000i\000a\000l\000\040\000m\000a\000c\000r\000o\000s}{appendix.441}% 23
\BOOKMARK [2][-]{subsection.443}{\376\377\000L\000a\000b\000e\000l\000i\000n\000g\000\040\000o\000b\000j\000e\000c\000t\000s\000\040\000s\000e\000q\000u\000e\000n\000t\000i\000a\000l\000l\000y}{appendix.441}% 24
\BOOKMARK [2][-]{subsection.451}{\376\377\000A\000p\000p\000e\000n\000d\000i\000c\000e\000s\000\040\000w\000i\000t\000h\000\040\000n\000o\000\040\000t\000i\000t\000l\000e}{appendix.441}% 25
\BOOKMARK [2][-]{subsection.452}{\376\377\000C\000h\000a\000n\000g\000i\000n\000g\000\040\000t\000h\000e\000\040\000f\000o\000n\000t\000\040\000o\000f\000\040\000a\000l\000g\000o\000r\000i\000t\000h\000m\000\040\000t\000i\000t\000l\000e\000s}{appendix.441}% 26
\BOOKMARK [2][-]{subsection.458}{\376\377\000C\000h\000a\000n\000g\000i\000n\000g\000\040\000t\000i\000t\000l\000e\000\040\000o\000f\000\040\000p\000r\000o\000o\000f}{appendix.441}% 27
\BOOKMARK [2][-]{subsection.464}{\376\377\000S\000p\000e\000c\000i\000a\000l\000\040\000i\000n\000s\000t\000r\000u\000c\000t\000i\000o\000n\000s\000\040\000f\000o\000r\000\040\000P\000D\000F\000\040\000b\000o\000o\000k\000m\000a\000r\000k\000s}{appendix.441}% 28
