\BOOKMARK [1][-]{section.1}{\376\377\000I\000n\000t\000r\000o\000d\000u\000c\000t\000i\000o\000n}{}% 1
\BOOKMARK [2][-]{subsection.2}{\376\377\000S\000t\000a\000t\000e\000\040\000o\000f\000\040\000t\000h\000e\000\040\000a\000r\000t}{section.1}% 2
\BOOKMARK [2][-]{subsection.9}{\376\377\000O\000r\000g\000a\000n\000i\000z\000a\000t\000i\000o\000n\000\040\000o\000f\000\040\000t\000h\000i\000s\000\040\000a\000r\000t\000i\000c\000l\000e}{section.1}% 3
\BOOKMARK [2][-]{subsection.10}{\376\377\000D\000e\000f\000i\000n\000i\000t\000i\000o\000n\000s\000\040\000a\000n\000d\000\040\000n\000o\000t\000a\000t\000i\000o\000n\000s}{section.1}% 4
\BOOKMARK [1][-]{section.16}{\376\377\000T\000e\000m\000p\000l\000a\000t\000e\000s\000\040\000f\000o\000r\000\040\000S\000c\000h\000u\000r\000\040\000n\000u\000m\000b\000e\000r\000s}{}% 5
\BOOKMARK [2][-]{subsection.17}{\376\377\000D\000e\000f\000i\000n\000i\000t\000i\000o\000n\000\040\000o\000f\000\040\000\040\000[\000[\000\040\0001\000,\000\040\000S\000+\000\040\000]\000]\000\040}{section.16}% 6
\BOOKMARK [2][-]{subsection.22}{\376\377\000C\000o\000n\000s\000t\000r\000u\000c\000t\000i\000o\000n\000\040\000o\000f\000\040\000S\000c\000h\000u\000r\000\040\000p\000a\000r\000t\000i\000t\000i\000o\000n\000s\000\040\000u\000s\000i\000n\000g\000\040\000S\000-\000t\000e\000m\000p\000l\000a\000t\000e\000s}{section.16}% 7
\BOOKMARK [2][-]{subsection.34}{\376\377\000N\000e\000w\000\040\000l\000o\000w\000e\000r\000\040\000b\000o\000u\000n\000d\000s\000\040\000f\000o\000r\000\040\000S\000c\000h\000u\000r\000\040\000n\000u\000m\000b\000e\000r\000s}{section.16}% 8
\BOOKMARK [2][-]{subsection.46}{\376\377\000C\000o\000n\000c\000l\000u\000s\000i\000o\000n\000\040\000o\000n\000\040\000S\000-\000t\000e\000m\000p\000l\000a\000t\000e\000s}{section.16}% 9
\BOOKMARK [1][-]{section.47}{\376\377\000T\000e\000m\000p\000l\000a\000t\000e\000s\000\040\000f\000o\000r\000\040\000w\000e\000a\000k\000\040\000S\000c\000h\000u\000r\000\040\000n\000u\000m\000b\000e\000r\000s}{}% 10
\BOOKMARK [2][-]{subsection.48}{\376\377\000I\000n\000e\000q\000u\000a\000l\000i\000t\000y\000\040\000f\000o\000r\000\040\000w\000e\000a\000k\000\040\000S\000c\000h\000u\000r\000\040\000n\000u\000m\000b\000e\000r\000s\000\040\000u\000s\000i\000n\000g\000\040\000S\000c\000h\000u\000r\000\040\000a\000n\000d\000\040\000w\000e\000a\000k\000\040\000S\000c\000h\000u\000r\000\040\000n\000u\000m\000b\000e\000r\000s}{section.47}% 11
\BOOKMARK [2][-]{subsection.54}{\376\377\000D\000e\000f\000i\000n\000i\000t\000i\000o\000n\000\040\000o\000f\000\040\000[\000[\000\040\0001\000,\000\040\000W\000S\000+\000\040\000]\000]}{section.47}% 12
\BOOKMARK [2][-]{subsection.76}{\376\377\000C\000o\000n\000s\000t\000r\000u\000c\000t\000i\000o\000n\000\040\000o\000f\000\040\000w\000e\000a\000k\000\040\000S\000c\000h\000u\000r\000\040\000p\000a\000r\000t\000i\000t\000i\000o\000n\000s\000\040\000u\000s\000i\000n\000g\000\040\000W\000S\000-\000t\000e\000m\000p\000l\000a\000t\000e\000s}{section.47}% 13
\BOOKMARK [2][-]{subsection.86}{\376\377\000N\000e\000w\000\040\000l\000o\000w\000e\000r\000\040\000b\000o\000u\000n\000d\000s\000\040\000f\000o\000r\000\040\000W\000e\000a\000k\000\040\000S\000c\000h\000u\000r\000\040\000n\000u\000m\000b\000e\000r\000s}{section.47}% 14
\BOOKMARK [2][-]{subsection.93}{\376\377\000A\000n\000o\000t\000h\000e\000r\000\040\000a\000p\000p\000r\000o\000a\000c\000h\000:\000\040\000W\000S\000\050\0006\000\051\000\040\0006\0004\0006}{section.47}% 15
\BOOKMARK [2][-]{subsection.94}{\376\377\000C\000o\000n\000c\000l\000u\000s\000i\000o\000n\000\040\000o\000n\000\040\000W\000S\000-\000t\000e\000m\000p\000l\000a\000t\000e\000s}{section.47}% 16
\BOOKMARK [1][-]{section.95}{\376\377\000C\000o\000n\000c\000l\000u\000s\000i\000o\000n\000\040\000a\000n\000d\000\040\000f\000u\000t\000u\000r\000e\000\040\000w\000o\000r\000k}{}% 17
\BOOKMARK [1][-]{section.96}{\376\377\000A\000c\000k\000n\000o\000w\000l\000e\000d\000g\000m\000e\000n\000t\000s}{}% 18
\BOOKMARK [1][-]{appendix.97}{\376\377\000A\000p\000p\000e\000n\000d\000i\000x\000\040\000A\000.\000\040\000S\000-\000t\000e\000m\000p\000l\000a\000t\000e\000s}{}% 19
\BOOKMARK [1][-]{appendix.104}{\376\377\000A\000p\000p\000e\000n\000d\000i\000x\000\040\000B\000.\000\040\000W\000S\000-\000t\000e\000m\000p\000l\000a\000t\000e\000s}{}% 20
\BOOKMARK [1][-]{appendix.107}{\376\377\000A\000p\000p\000e\000n\000d\000i\000x\000\040\000C\000.\000\040\000W\000S\000\050\0006\000\051\000\040\0006\0004\0006}{}% 21
