This is pdfTeX, Version 3.141592653-2.6-1.40.22 (MiKTeX 21.2) (preloaded format=pdflatex 2021.4.17)  24 FEB 2022 18:45
entering extended mode
**./article.tex
(article.tex
LaTeX2e <2020-10-01> patch level 4
L3 programming layer <2021-02-18> xparse <2020-03-03> (siamart190516.cls
Document Class: siamart190516 2019/05/16 v1.4.3 LaTeX document e-class
(C:\Users\paulc\AppData\Local\Programs\MiKTeX\tex/latex/amsmath\amsmath.sty
Package: amsmath 2020/09/23 v2.17i AMS math features
\@mathmargin=\skip47

For additional information on amsmath, use the `?' option.
(C:\Users\paulc\AppData\Local\Programs\MiKTeX\tex/latex/amsmath\amstext.sty
Package: amstext 2000/06/29 v2.01 AMS text

(C:\Users\paulc\AppData\Local\Programs\MiKTeX\tex/latex/amsmath\amsgen.sty
File: amsgen.sty 1999/11/30 v2.0 generic functions
\@emptytoks=\toks15
\ex@=\dimen138
))
(C:\Users\paulc\AppData\Local\Programs\MiKTeX\tex/latex/amsmath\amsbsy.sty
Package: amsbsy 1999/11/29 v1.2d Bold Symbols
\pmbraise@=\dimen139
)
(C:\Users\paulc\AppData\Local\Programs\MiKTeX\tex/latex/amsmath\amsopn.sty
Package: amsopn 2016/03/08 v2.02 operator names
)
\inf@bad=\count179
LaTeX Info: Redefining \frac on input line 234.
\uproot@=\count180
\leftroot@=\count181
LaTeX Info: Redefining \overline on input line 399.
\classnum@=\count182
\DOTSCASE@=\count183
LaTeX Info: Redefining \ldots on input line 496.
LaTeX Info: Redefining \dots on input line 499.
LaTeX Info: Redefining \cdots on input line 620.
\Mathstrutbox@=\box47
\strutbox@=\box48
\big@size=\dimen140
LaTeX Font Info:    Redeclaring font encoding OML on input line 743.
LaTeX Font Info:    Redeclaring font encoding OMS on input line 744.
\macc@depth=\count184
\c@MaxMatrixCols=\count185
\dotsspace@=\muskip16
\c@parentequation=\count186
\dspbrk@lvl=\count187
\tag@help=\toks16
\row@=\count188
\column@=\count189
\maxfields@=\count190
\andhelp@=\toks17
\eqnshift@=\dimen141
\alignsep@=\dimen142
\tagshift@=\dimen143
\tagwidth@=\dimen144
\totwidth@=\dimen145
\lineht@=\dimen146
\@envbody=\toks18
\multlinegap=\skip48
\multlinetaggap=\skip49
\mathdisplay@stack=\toks19
LaTeX Info: Redefining \[ on input line 2923.
LaTeX Info: Redefining \] on input line 2924.
)
(C:\Users\paulc\AppData\Local\Programs\MiKTeX\tex/latex/ntheorem\ntheorem.sty
Style `ntheorem', Version 1.33 <2011/08/15>
Package: ntheorem 2011/08/15 1.33
(C:\Users\paulc\AppData\Local\Programs\MiKTeX\tex/latex/base\ifthen.sty
Package: ifthen 2014/09/29 v1.1c Standard LaTeX ifthen package (DPC)
)
\theorem@style=\toks20
\theorem@@style=\toks21
\theorembodyfont=\toks22
\theoremnumbering=\toks23
\theorempreskipamount=\skip50
\theorempostskipamount=\skip51
\theoremframepreskipamount=\skip52
\theoremframepostskipamount=\skip53
\theoreminframepreskipamount=\skip54
\theoreminframepostskipamount=\skip55
\theorem@preskip=\toks24
\theorem@postskip=\toks25
\theorem@framepreskip=\toks26
\theorem@framepostskip=\toks27
\theorem@inframepreskip=\toks28
\theorem@inframepostskip=\toks29
\theoremindent=\dimen147
\theorem@indent=\dimen148
\theoremrightindent=\dimen149
\theorem@rightindent=\dimen150
\theoremheaderfont=\toks30
\theoremseparator=\toks31
\theoremprework=\toks32
\theorempostwork=\toks33
\theoremsymbol=\toks34
\qedsymbol=\toks35
\theoremkeyword=\toks36
\qedsymbol=\toks37
\thm@topsep=\skip56
\thm@topsepadd=\skip57
Package ntheorem Info: Option `thmmarks' loaded on input line 1175.
\c@endNonectr=\count191
\c@currNonectr=\count192
\mysavskip=\skip58
Package ntheorem Info: option `amsmath' handling for `thmmarks' loaded on input
 line 1175.
\thm@amstmpdepth=\dimen151
\tagwidth=\dimen152
)
\fromfoliotocopyright=\skip59
\c@section=\count193
\c@subsection=\count194
\c@subsubsection=\count195
\c@paragraph=\count196
\c@subparagraph=\count197
\c@rmnum=\count198
\c@muni=\count199
\@sectionspace=\skip60
\@negsectionspace=\skip61
\c@figure=\count266
\c@table=\count267
\abovecaptionskip=\skip62
\belowcaptionskip=\skip63
\bibindent=\dimen153

(C:\Users\paulc\AppData\Local\Programs\MiKTeX\tex/latex/hyperref\xr-hyper.sty
Package: xr-hyper 2021-02-10 v7.00j eXternal References (DPC)
)
(C:\Users\paulc\AppData\Local\Programs\MiKTeX\tex/generic/iftex\ifpdf.sty
Package: ifpdf 2019/10/25 v3.4 ifpdf legacy package. Use iftex instead.

(C:\Users\paulc\AppData\Local\Programs\MiKTeX\tex/generic/iftex\iftex.sty
Package: iftex 2020/03/06 v1.0d TeX engine tests
))
(C:\Users\paulc\AppData\Local\Programs\MiKTeX\tex/latex/hyperref\hyperref.sty
Package: hyperref 2021-02-10 v7.00j Hypertext links for LaTeX

(C:\Users\paulc\AppData\Local\Programs\MiKTeX\tex/generic/ltxcmds\ltxcmds.sty
Package: ltxcmds 2020-05-10 v1.25 LaTeX kernel commands for general use (HO)
)
(C:\Users\paulc\AppData\Local\Programs\MiKTeX\tex/generic/pdftexcmds\pdftexcmds
.sty
Package: pdftexcmds 2020-06-27 v0.33 Utility functions of pdfTeX for LuaTeX (HO
)

(C:\Users\paulc\AppData\Local\Programs\MiKTeX\tex/generic/infwarerr\infwarerr.s
ty
Package: infwarerr 2019/12/03 v1.5 Providing info/warning/error messages (HO)
)
Package pdftexcmds Info: \pdf@primitive is available.
Package pdftexcmds Info: \pdf@ifprimitive is available.
Package pdftexcmds Info: \pdfdraftmode found.
)
(C:\Users\paulc\AppData\Local\Programs\MiKTeX\tex/latex/graphics\keyval.sty
Package: keyval 2014/10/28 v1.15 key=value parser (DPC)
\KV@toks@=\toks38
)
(C:\Users\paulc\AppData\Local\Programs\MiKTeX\tex/generic/kvsetkeys\kvsetkeys.s
ty
Package: kvsetkeys 2019/12/15 v1.18 Key value parser (HO)
)
(C:\Users\paulc\AppData\Local\Programs\MiKTeX\tex/generic/kvdefinekeys\kvdefine
keys.sty
Package: kvdefinekeys 2019-12-19 v1.6 Define keys (HO)
)
(C:\Users\paulc\AppData\Local\Programs\MiKTeX\tex/generic/pdfescape\pdfescape.s
ty
Package: pdfescape 2019/12/09 v1.15 Implements pdfTeX's escape features (HO)
) (C:\Users\paulc\AppData\Local\Programs\MiKTeX\tex/latex/hycolor\hycolor.sty
Package: hycolor 2020-01-27 v1.10 Color options for hyperref/bookmark (HO)
)
(C:\Users\paulc\AppData\Local\Programs\MiKTeX\tex/latex/letltxmacro\letltxmacro
.sty
Package: letltxmacro 2019/12/03 v1.6 Let assignment for LaTeX macros (HO)
)
(C:\Users\paulc\AppData\Local\Programs\MiKTeX\tex/latex/auxhook\auxhook.sty
Package: auxhook 2019-12-17 v1.6 Hooks for auxiliary files (HO)
)
(C:\Users\paulc\AppData\Local\Programs\MiKTeX\tex/latex/kvoptions\kvoptions.sty
Package: kvoptions 2020-10-07 v3.14 Key value format for package options (HO)
)
\@linkdim=\dimen154
\Hy@linkcounter=\count268
\Hy@pagecounter=\count269
 (C:\Users\paulc\AppData\Local\Programs\MiKTeX\tex/latex/hyperref\pd1enc.def
File: pd1enc.def 2021-02-10 v7.00j Hyperref: PDFDocEncoding definition (HO)
Now handling font encoding PD1 ...
... no UTF-8 mapping file for font encoding PD1
)
(C:\Users\paulc\AppData\Local\Programs\MiKTeX\tex/latex/hyperref\hyperref-langp
atches.def
File: hyperref-langpatches.def 2021-02-10 v7.00j Hyperref: patches for babel la
nguages
)
(C:\Users\paulc\AppData\Local\Programs\MiKTeX\tex/generic/intcalc\intcalc.sty
Package: intcalc 2019/12/15 v1.3 Expandable calculations with integers (HO)
)
(C:\Users\paulc\AppData\Local\Programs\MiKTeX\tex/generic/etexcmds\etexcmds.sty
Package: etexcmds 2019/12/15 v1.7 Avoid name clashes with e-TeX commands (HO)
)
\Hy@SavedSpaceFactor=\count270
 (C:\Users\paulc\AppData\Local\Programs\MiKTeX\tex/latex/hyperref\puenc.def
File: puenc.def 2021-02-10 v7.00j Hyperref: PDF Unicode definition (HO)
Now handling font encoding PU ...
... no UTF-8 mapping file for font encoding PU
)
Package hyperref Info: Hyper figures OFF on input line 4192.
Package hyperref Info: Link nesting OFF on input line 4197.
Package hyperref Info: Hyper index ON on input line 4200.
Package hyperref Info: Plain pages OFF on input line 4207.
Package hyperref Info: Backreferencing OFF on input line 4212.
Package hyperref Info: Implicit mode ON; LaTeX internals redefined.
Package hyperref Info: Bookmarks ON on input line 4445.
\c@Hy@tempcnt=\count271

(C:\Users\paulc\AppData\Local\Programs\MiKTeX\tex/latex/url\url.sty
\Urlmuskip=\muskip17
Package: url 2013/09/16  ver 3.4  Verb mode for urls, etc.
)
LaTeX Info: Redefining \url on input line 4804.
\XeTeXLinkMargin=\dimen155

(C:\Users\paulc\AppData\Local\Programs\MiKTeX\tex/generic/bitset\bitset.sty
Package: bitset 2019/12/09 v1.3 Handle bit-vector datatype (HO)

(C:\Users\paulc\AppData\Local\Programs\MiKTeX\tex/generic/bigintcalc\bigintcalc
.sty
Package: bigintcalc 2019/12/15 v1.5 Expandable calculations on big integers (HO
)
))
\Fld@menulength=\count272
\Field@Width=\dimen156
\Fld@charsize=\dimen157
Package hyperref Info: Hyper figures OFF on input line 6075.
Package hyperref Info: Link nesting OFF on input line 6080.
Package hyperref Info: Hyper index ON on input line 6083.
Package hyperref Info: backreferencing OFF on input line 6090.
Package hyperref Info: Link coloring OFF on input line 6095.
Package hyperref Info: Link coloring with OCG OFF on input line 6100.
Package hyperref Info: PDF/A mode OFF on input line 6105.
LaTeX Info: Redefining \ref on input line 6145.
LaTeX Info: Redefining \pageref on input line 6149.

(C:\Users\paulc\AppData\Local\Programs\MiKTeX\tex/latex/base\atbegshi-ltx.sty
Package: atbegshi-ltx 2020/08/17 v1.0a Emulation of the original atbegshi packa
ge
with kernel methods
)
\Hy@abspage=\count273
\c@Item=\count274
\c@Hfootnote=\count275
)
Package hyperref Info: Driver (autodetected): hpdftex.
(C:\Users\paulc\AppData\Local\Programs\MiKTeX\tex/latex/hyperref\hpdftex.def
File: hpdftex.def 2021-02-10 v7.00j Hyperref driver for pdfTeX

(C:\Users\paulc\AppData\Local\Programs\MiKTeX\tex/latex/base\atveryend-ltx.sty
Package: atveryend-ltx 2020/08/19 v1.0a Emulation of the original atvery packag
e
with kernel methods
)
\Fld@listcount=\count276
\c@bookmark@seq@number=\count277

(C:\Users\paulc\AppData\Local\Programs\MiKTeX\tex/latex/rerunfilecheck\rerunfil
echeck.sty
Package: rerunfilecheck 2019/12/05 v1.9 Rerun checks for auxiliary files (HO)

(C:\Users\paulc\AppData\Local\Programs\MiKTeX\tex/generic/uniquecounter\uniquec
ounter.sty
Package: uniquecounter 2019/12/15 v1.4 Provide unlimited unique counter (HO)
)
Package uniquecounter Info: New unique counter `rerunfilecheck' on input line 2
86.
)
\Hy@SectionHShift=\skip64
)
Package hyperref Info: Option `colorlinks' set `false' on input line 1286.
Package hyperref Info: Option `frenchlinks' set `false' on input line 1286.
Package hyperref Info: Option `naturalnames' set `false' on input line 1286.
Package hyperref Info: Option `hypertexnames' set `false' on input line 1286.
Package hyperref Info: Option `breaklinks' set `true' on input line 1286.

(C:\Users\paulc\AppData\Local\Programs\MiKTeX\tex/latex/graphics\graphics.sty
Package: graphics 2020/08/30 v1.4c Standard LaTeX Graphics (DPC,SPQR)

(C:\Users\paulc\AppData\Local\Programs\MiKTeX\tex/latex/graphics\trig.sty
Package: trig 2016/01/03 v1.10 sin cos tan (DPC)
)
(C:\Users\paulc\AppData\Local\Programs\MiKTeX\tex/latex/graphics-cfg\graphics.c
fg
File: graphics.cfg 2016/06/04 v1.11 sample graphics configuration
)
Package graphics Info: Driver file: pdftex.def on input line 105.

(C:\Users\paulc\AppData\Local\Programs\MiKTeX\tex/latex/graphics-def\pdftex.def
File: pdftex.def 2020/10/05 v1.2a Graphics/color driver for pdftex
))
(C:\Users\paulc\AppData\Local\Programs\MiKTeX\tex/latex/graphics\graphicx.sty
Package: graphicx 2020/09/09 v1.2b Enhanced LaTeX Graphics (DPC,SPQR)
\Gin@req@height=\dimen158
\Gin@req@width=\dimen159
)
(C:\Users\paulc\AppData\Local\Programs\MiKTeX\tex/latex/epstopdf-pkg\epstopdf.s
ty
Package: epstopdf 2020-01-24 v2.11 Conversion with epstopdf on the fly (HO)
 (C:\Users\paulc\AppData\Local\Programs\MiKTeX\tex/latex/grfext\grfext.sty
Package: grfext 2019/12/03 v1.3 Manage graphics extensions (HO)
)
(C:\Users\paulc\AppData\Local\Programs\MiKTeX\tex/latex/epstopdf-pkg\epstopdf-b
ase.sty
Package: epstopdf-base 2020-01-24 v2.11 Base part for package epstopdf
Package epstopdf-base Info: Redefining graphics rule for `.eps' on input line 4
85.
Package grfext Info: Graphics extension search list:
(grfext)             [.pdf,.png,.jpg,.mps,.jpeg,.jbig2,.jb2,.PDF,.PNG,.JPG,.JPE
G,.JBIG2,.JB2,.eps]
(grfext)             \AppendGraphicsExtensions on input line 504.
))
(C:\Users\paulc\AppData\Local\Programs\MiKTeX\tex/latex/xcolor\xcolor.sty
Package: xcolor 2016/05/11 v2.12 LaTeX color extensions (UK)

(C:\Users\paulc\AppData\Local\Programs\MiKTeX\tex/latex/graphics-cfg\color.cfg
File: color.cfg 2016/01/02 v1.6 sample color configuration
)
Package xcolor Info: Driver file: pdftex.def on input line 225.
Package xcolor Info: Model `cmy' substituted by `cmy0' on input line 1348.
Package xcolor Info: Model `hsb' substituted by `rgb' on input line 1352.
Package xcolor Info: Model `RGB' extended on input line 1364.
Package xcolor Info: Model `HTML' substituted by `rgb' on input line 1366.
Package xcolor Info: Model `Hsb' substituted by `hsb' on input line 1367.
Package xcolor Info: Model `tHsb' substituted by `hsb' on input line 1368.
Package xcolor Info: Model `HSB' substituted by `hsb' on input line 1369.
Package xcolor Info: Model `Gray' substituted by `gray' on input line 1370.
Package xcolor Info: Model `wave' substituted by `hsb' on input line 1371.
)
Package hyperref Info: Option `colorlinks' set `true' on input line 1322.
 (C:\Users\paulc\AppData\Local\Programs\MiKTeX\tex/latex/oberdiek\hypcap.sty
Package: hypcap 2016/05/16 v1.12 Adjusting the anchors of captions (HO)
)
(C:\Users\paulc\AppData\Local\Programs\MiKTeX\tex/latex/algorithms\algorithm.st
y
Package: algorithm 2009/08/24 v0.1 Document Style `algorithm' - floating enviro
nment
 (C:\Users\paulc\AppData\Local\Programs\MiKTeX\tex/latex/float\float.sty
Package: float 2001/11/08 v1.3d Float enhancements (AL)
\c@float@type=\count278
\float@exts=\toks39
\float@box=\box49
\@float@everytoks=\toks40
\@floatcapt=\box50
)
\@float@every@algorithm=\toks41
\c@algorithm=\count279
)
(C:\Users\paulc\AppData\Local\Programs\MiKTeX\tex/latex/cleveref\cleveref.sty
Package: cleveref 2018/03/27 v0.21.4 Intelligent cross-referencing
Package cleveref Info: `hyperref' support loaded on input line 2370.
LaTeX Info: Redefining \cref on input line 2370.
LaTeX Info: Redefining \Cref on input line 2370.
LaTeX Info: Redefining \crefrange on input line 2370.
LaTeX Info: Redefining \Crefrange on input line 2370.
LaTeX Info: Redefining \cpageref on input line 2370.
LaTeX Info: Redefining \Cpageref on input line 2370.
LaTeX Info: Redefining \cpagerefrange on input line 2370.
LaTeX Info: Redefining \Cpagerefrange on input line 2370.
LaTeX Info: Redefining \labelcref on input line 2370.
LaTeX Info: Redefining \labelcpageref on input line 2370.
Package cleveref Info: `ntheorem' support loaded on input line 3055.
Package cleveref Info: always capitalise cross-reference names on input line 78
30.
Package cleveref Info: include cross-reference names in hyperlinks on input lin
e 7836.
Package cleveref Info: always capitalise cross-reference names on input line 78
52.
Package cleveref Info: include cross-reference names in hyperlinks on input lin
e 7852.
)
\c@currproofctr=\count280
\c@endproofctr=\count281
\c@proof=\count282
\c@currtheoremctr=\count283
\c@endtheoremctr=\count284
\c@theorem=\count285
\c@currlemmactr=\count286
\c@endlemmactr=\count287
\c@currcorollaryctr=\count288
\c@endcorollaryctr=\count289
\c@currpropositionctr=\count290
\c@endpropositionctr=\count291
\c@currdefinitionctr=\count292
\c@enddefinitionctr=\count293

(C:\Users\paulc\AppData\Local\Programs\MiKTeX\tex/latex/lineno\lineno.sty
Package: lineno 2005/11/02 line numbers on paragraphs v4.41
\linenopenalty=\count294
\output=\toks42
\linenoprevgraf=\count295
\linenumbersep=\dimen160
\linenumberwidth=\dimen161
\c@linenumber=\count296
\c@pagewiselinenumber=\count297
\c@LN@truepage=\count298
\c@internallinenumber=\count299
\c@internallinenumbers=\count300
\quotelinenumbersep=\dimen162
\bframerule=\dimen163
\bframesep=\dimen164
\bframebox=\box51
LaTeX Info: Redefining \\ on input line 3056.
))
(C:\Users\paulc\AppData\Local\Programs\MiKTeX\tex/latex/amsfonts\amssymb.sty
Package: amssymb 2013/01/14 v3.01 AMS font symbols

(C:\Users\paulc\AppData\Local\Programs\MiKTeX\tex/latex/amsfonts\amsfonts.sty
Package: amsfonts 2013/01/14 v3.01 Basic AMSFonts support
\symAMSa=\mathgroup4
\symAMSb=\mathgroup5
LaTeX Font Info:    Redeclaring math symbol \hbar on input line 98.
LaTeX Font Info:    Overwriting math alphabet `\mathfrak' in version `bold'
(Font)                  U/euf/m/n --> U/euf/b/n on input line 106.
))
(C:\Users\paulc\AppData\Local\Programs\MiKTeX\tex/latex/doublestroke\dsfont.sty
Package: dsfont 1995/08/01 v0.1 Double stroke roman fonts
) (MyMnSymbol.sty
Package: MyMnSymbol 2007/01/21 v1.4 Underbraces from MnSymbol
\symlargesymbolsX=\mathgroup6
LaTeX Font Info:    Redeclaring math symbol \braceld on input line 24.
LaTeX Font Info:    Redeclaring math symbol \bracelu on input line 25.
LaTeX Font Info:    Redeclaring math symbol \bracerd on input line 26.
LaTeX Font Info:    Redeclaring math symbol \braceru on input line 27.
LaTeX Info: Redefining \overbrace on input line 101.
LaTeX Info: Redefining \underbrace on input line 102.
)
(C:\Users\paulc\AppData\Local\Programs\MiKTeX\tex/latex/multirow\multirow.sty
Package: multirow 2021/03/15 v2.8 Span multiple rows of a table
\multirow@colwidth=\skip65
\multirow@cntb=\count301
\multirow@dima=\skip66
\bigstrutjot=\dimen165
)
(C:\Users\paulc\AppData\Local\Programs\MiKTeX\tex/latex/nicematrix\nicematrix.s
ty
(C:\Users\paulc\AppData\Local\Programs\MiKTeX\tex/latex/pgf/basiclayer\pgfcore.
sty
(C:\Users\paulc\AppData\Local\Programs\MiKTeX\tex/latex/pgf/systemlayer\pgfsys.
sty
(C:\Users\paulc\AppData\Local\Programs\MiKTeX\tex/latex/pgf/utilities\pgfrcs.st
y
(C:\Users\paulc\AppData\Local\Programs\MiKTeX\tex/generic/pgf/utilities\pgfutil
-common.tex
\pgfutil@everybye=\toks43
\pgfutil@tempdima=\dimen166
\pgfutil@tempdimb=\dimen167

(C:\Users\paulc\AppData\Local\Programs\MiKTeX\tex/generic/pgf/utilities\pgfutil
-common-lists.tex))
(C:\Users\paulc\AppData\Local\Programs\MiKTeX\tex/generic/pgf/utilities\pgfutil
-latex.def
\pgfutil@abb=\box52
)
(C:\Users\paulc\AppData\Local\Programs\MiKTeX\tex/generic/pgf/utilities\pgfrcs.
code.tex
(C:\Users\paulc\AppData\Local\Programs\MiKTeX\tex/generic/pgf\pgf.revision.tex)
Package: pgfrcs 2020/12/27 v3.1.8b (3.1.8b)
))
(C:\Users\paulc\AppData\Local\Programs\MiKTeX\tex/generic/pgf/systemlayer\pgfsy
s.code.tex
Package: pgfsys 2020/12/27 v3.1.8b (3.1.8b)

(C:\Users\paulc\AppData\Local\Programs\MiKTeX\tex/generic/pgf/utilities\pgfkeys
.code.tex
\pgfkeys@pathtoks=\toks44
\pgfkeys@temptoks=\toks45

(C:\Users\paulc\AppData\Local\Programs\MiKTeX\tex/generic/pgf/utilities\pgfkeys
filtered.code.tex
\pgfkeys@tmptoks=\toks46
))
\pgf@x=\dimen168
\pgf@y=\dimen169
\pgf@xa=\dimen170
\pgf@ya=\dimen171
\pgf@xb=\dimen172
\pgf@yb=\dimen173
\pgf@xc=\dimen174
\pgf@yc=\dimen175
\pgf@xd=\dimen176
\pgf@yd=\dimen177
\w@pgf@writea=\write3
\r@pgf@reada=\read2
\c@pgf@counta=\count302
\c@pgf@countb=\count303
\c@pgf@countc=\count304
\c@pgf@countd=\count305
\t@pgf@toka=\toks47
\t@pgf@tokb=\toks48
\t@pgf@tokc=\toks49
\pgf@sys@id@count=\count306

(C:\Users\paulc\AppData\Local\Programs\MiKTeX\tex/generic/pgf/systemlayer\pgf.c
fg
File: pgf.cfg 2020/12/27 v3.1.8b (3.1.8b)
)
Driver file for pgf: pgfsys-pdftex.def

(C:\Users\paulc\AppData\Local\Programs\MiKTeX\tex/generic/pgf/systemlayer\pgfsy
s-pdftex.def
File: pgfsys-pdftex.def 2020/12/27 v3.1.8b (3.1.8b)

(C:\Users\paulc\AppData\Local\Programs\MiKTeX\tex/generic/pgf/systemlayer\pgfsy
s-common-pdf.def
File: pgfsys-common-pdf.def 2020/12/27 v3.1.8b (3.1.8b)
)))
(C:\Users\paulc\AppData\Local\Programs\MiKTeX\tex/generic/pgf/systemlayer\pgfsy
ssoftpath.code.tex
File: pgfsyssoftpath.code.tex 2020/12/27 v3.1.8b (3.1.8b)
\pgfsyssoftpath@smallbuffer@items=\count307
\pgfsyssoftpath@bigbuffer@items=\count308
)
(C:\Users\paulc\AppData\Local\Programs\MiKTeX\tex/generic/pgf/systemlayer\pgfsy
sprotocol.code.tex
File: pgfsysprotocol.code.tex 2020/12/27 v3.1.8b (3.1.8b)
))
(C:\Users\paulc\AppData\Local\Programs\MiKTeX\tex/generic/pgf/basiclayer\pgfcor
e.code.tex
Package: pgfcore 2020/12/27 v3.1.8b (3.1.8b)

(C:\Users\paulc\AppData\Local\Programs\MiKTeX\tex/generic/pgf/math\pgfmath.code
.tex
(C:\Users\paulc\AppData\Local\Programs\MiKTeX\tex/generic/pgf/math\pgfmathcalc.
code.tex
(C:\Users\paulc\AppData\Local\Programs\MiKTeX\tex/generic/pgf/math\pgfmathutil.
code.tex)
(C:\Users\paulc\AppData\Local\Programs\MiKTeX\tex/generic/pgf/math\pgfmathparse
r.code.tex
\pgfmath@dimen=\dimen178
\pgfmath@count=\count309
\pgfmath@box=\box53
\pgfmath@toks=\toks50
\pgfmath@stack@operand=\toks51
\pgfmath@stack@operation=\toks52
)
(C:\Users\paulc\AppData\Local\Programs\MiKTeX\tex/generic/pgf/math\pgfmathfunct
ions.code.tex
(C:\Users\paulc\AppData\Local\Programs\MiKTeX\tex/generic/pgf/math\pgfmathfunct
ions.basic.code.tex)
(C:\Users\paulc\AppData\Local\Programs\MiKTeX\tex/generic/pgf/math\pgfmathfunct
ions.trigonometric.code.tex)
(C:\Users\paulc\AppData\Local\Programs\MiKTeX\tex/generic/pgf/math\pgfmathfunct
ions.random.code.tex)
(C:\Users\paulc\AppData\Local\Programs\MiKTeX\tex/generic/pgf/math\pgfmathfunct
ions.comparison.code.tex)
(C:\Users\paulc\AppData\Local\Programs\MiKTeX\tex/generic/pgf/math\pgfmathfunct
ions.base.code.tex)
(C:\Users\paulc\AppData\Local\Programs\MiKTeX\tex/generic/pgf/math\pgfmathfunct
ions.round.code.tex)
(C:\Users\paulc\AppData\Local\Programs\MiKTeX\tex/generic/pgf/math\pgfmathfunct
ions.misc.code.tex)
(C:\Users\paulc\AppData\Local\Programs\MiKTeX\tex/generic/pgf/math\pgfmathfunct
ions.integerarithmetics.code.tex)))
(C:\Users\paulc\AppData\Local\Programs\MiKTeX\tex/generic/pgf/math\pgfmathfloat
.code.tex
\c@pgfmathroundto@lastzeros=\count310
))
(C:\Users\paulc\AppData\Local\Programs\MiKTeX\tex/generic/pgf/math\pgfint.code.
tex)
(C:\Users\paulc\AppData\Local\Programs\MiKTeX\tex/generic/pgf/basiclayer\pgfcor
epoints.code.tex
File: pgfcorepoints.code.tex 2020/12/27 v3.1.8b (3.1.8b)
\pgf@picminx=\dimen179
\pgf@picmaxx=\dimen180
\pgf@picminy=\dimen181
\pgf@picmaxy=\dimen182
\pgf@pathminx=\dimen183
\pgf@pathmaxx=\dimen184
\pgf@pathminy=\dimen185
\pgf@pathmaxy=\dimen186
\pgf@xx=\dimen187
\pgf@xy=\dimen188
\pgf@yx=\dimen189
\pgf@yy=\dimen190
\pgf@zx=\dimen191
\pgf@zy=\dimen192
)
(C:\Users\paulc\AppData\Local\Programs\MiKTeX\tex/generic/pgf/basiclayer\pgfcor
epathconstruct.code.tex
File: pgfcorepathconstruct.code.tex 2020/12/27 v3.1.8b (3.1.8b)
\pgf@path@lastx=\dimen193
\pgf@path@lasty=\dimen194
)
(C:\Users\paulc\AppData\Local\Programs\MiKTeX\tex/generic/pgf/basiclayer\pgfcor
epathusage.code.tex
File: pgfcorepathusage.code.tex 2020/12/27 v3.1.8b (3.1.8b)
\pgf@shorten@end@additional=\dimen195
\pgf@shorten@start@additional=\dimen196
)
(C:\Users\paulc\AppData\Local\Programs\MiKTeX\tex/generic/pgf/basiclayer\pgfcor
escopes.code.tex
File: pgfcorescopes.code.tex 2020/12/27 v3.1.8b (3.1.8b)
\pgfpic=\box54
\pgf@hbox=\box55
\pgf@layerbox@main=\box56
\pgf@picture@serial@count=\count311
)
(C:\Users\paulc\AppData\Local\Programs\MiKTeX\tex/generic/pgf/basiclayer\pgfcor
egraphicstate.code.tex
File: pgfcoregraphicstate.code.tex 2020/12/27 v3.1.8b (3.1.8b)
\pgflinewidth=\dimen197
)
(C:\Users\paulc\AppData\Local\Programs\MiKTeX\tex/generic/pgf/basiclayer\pgfcor
etransformations.code.tex
File: pgfcoretransformations.code.tex 2020/12/27 v3.1.8b (3.1.8b)
\pgf@pt@x=\dimen198
\pgf@pt@y=\dimen199
\pgf@pt@temp=\dimen256
)
(C:\Users\paulc\AppData\Local\Programs\MiKTeX\tex/generic/pgf/basiclayer\pgfcor
equick.code.tex
File: pgfcorequick.code.tex 2020/12/27 v3.1.8b (3.1.8b)
)
(C:\Users\paulc\AppData\Local\Programs\MiKTeX\tex/generic/pgf/basiclayer\pgfcor
eobjects.code.tex
File: pgfcoreobjects.code.tex 2020/12/27 v3.1.8b (3.1.8b)
)
(C:\Users\paulc\AppData\Local\Programs\MiKTeX\tex/generic/pgf/basiclayer\pgfcor
epathprocessing.code.tex
File: pgfcorepathprocessing.code.tex 2020/12/27 v3.1.8b (3.1.8b)
)
(C:\Users\paulc\AppData\Local\Programs\MiKTeX\tex/generic/pgf/basiclayer\pgfcor
earrows.code.tex
File: pgfcorearrows.code.tex 2020/12/27 v3.1.8b (3.1.8b)
\pgfarrowsep=\dimen257
)
(C:\Users\paulc\AppData\Local\Programs\MiKTeX\tex/generic/pgf/basiclayer\pgfcor
eshade.code.tex
File: pgfcoreshade.code.tex 2020/12/27 v3.1.8b (3.1.8b)
\pgf@max=\dimen258
\pgf@sys@shading@range@num=\count312
\pgf@shadingcount=\count313
)
(C:\Users\paulc\AppData\Local\Programs\MiKTeX\tex/generic/pgf/basiclayer\pgfcor
eimage.code.tex
File: pgfcoreimage.code.tex 2020/12/27 v3.1.8b (3.1.8b)

(C:\Users\paulc\AppData\Local\Programs\MiKTeX\tex/generic/pgf/basiclayer\pgfcor
eexternal.code.tex
File: pgfcoreexternal.code.tex 2020/12/27 v3.1.8b (3.1.8b)
\pgfexternal@startupbox=\box57
))
(C:\Users\paulc\AppData\Local\Programs\MiKTeX\tex/generic/pgf/basiclayer\pgfcor
elayers.code.tex
File: pgfcorelayers.code.tex 2020/12/27 v3.1.8b (3.1.8b)
)
(C:\Users\paulc\AppData\Local\Programs\MiKTeX\tex/generic/pgf/basiclayer\pgfcor
etransparency.code.tex
File: pgfcoretransparency.code.tex 2020/12/27 v3.1.8b (3.1.8b)
)
(C:\Users\paulc\AppData\Local\Programs\MiKTeX\tex/generic/pgf/basiclayer\pgfcor
epatterns.code.tex
File: pgfcorepatterns.code.tex 2020/12/27 v3.1.8b (3.1.8b)
)
(C:\Users\paulc\AppData\Local\Programs\MiKTeX\tex/generic/pgf/basiclayer\pgfcor
erdf.code.tex
File: pgfcorerdf.code.tex 2020/12/27 v3.1.8b (3.1.8b)
)))
(C:\Users\paulc\AppData\Local\Programs\MiKTeX\tex/generic/pgf/modules\pgfmodule
shapes.code.tex
File: pgfmoduleshapes.code.tex 2020/12/27 v3.1.8b (3.1.8b)
\pgfnodeparttextbox=\box58
)
(C:\Users\paulc\AppData\Local\Programs\MiKTeX\tex/latex/l3packages/l3keys2e\l3k
eys2e.sty
(C:\Users\paulc\AppData\Local\Programs\MiKTeX\tex/latex/l3kernel\expl3.sty
Package: expl3 2021-02-18 L3 programming layer (loader) 

(C:\Users\paulc\AppData\Local\Programs\MiKTeX\tex/latex/l3backend\l3backend-pdf
tex.def
File: l3backend-pdftex.def 2021-02-18 L3 backend support: PDF output (pdfTeX)
\l__color_backend_stack_int=\count314
\l__pdf_internal_box=\box59
))
Package: l3keys2e 2020-10-27 LaTeX2e option processing using LaTeX3 keys
)
Package: nicematrix 2021/04/25 v5.15 Enhanced arrays with the help of PGF/TikZ

(C:\Users\paulc\AppData\Local\Programs\MiKTeX\tex/latex/l3packages/xparse\xpars
e.sty
Package: xparse 2020-10-27 L3 Experimental document command parser

(C:\Users\paulc\AppData\Local\Programs\MiKTeX\tex/latex/l3packages/xparse\xpars
e-generic.tex))
(C:\Users\paulc\AppData\Local\Programs\MiKTeX\tex/latex/latex-tools\array.sty
Package: array 2020/10/01 v2.5c Tabular extension package (FMi)
\col@sep=\dimen259
\ar@mcellbox=\box60
\extrarowheight=\dimen260
\NC@list=\toks53
\extratabsurround=\skip67
\backup@length=\skip68
\ar@cellbox=\box61
)
\g__nicematrix_env_int=\count315
\g__nicematrix_NiceMatrixBlock_int=\count316
\l__nicematrix_columns_width_dim=\dimen261
\g__nicematrix_blocks_wd_dim=\dimen262
\g__nicematrix_blocks_ht_dim=\dimen263
\g__nicematrix_blocks_dp_dim=\dimen264
\l__nicematrix_tabular_width_dim=\dimen265
\l__nicematrix_old_iRow_int=\count317
\l__nicematrix_old_jCol_int=\count318
\l__nicematrix_x_initial_dim=\dimen266
\l__nicematrix_y_initial_dim=\dimen267
\l__nicematrix_x_final_dim=\dimen268
\l__nicematrix_y_final_dim=\dimen269
\l_tmpc_dim=\dimen270
\l_tmpd_dim=\dimen271
\g__nicematrix_width_last_col_dim=\dimen272
\g__nicematrix_width_first_col_dim=\dimen273
\l__nicematrix_row_min_int=\count319
\l__nicematrix_row_max_int=\count320
\l__nicematrix_col_min_int=\count321
\l__nicematrix_col_max_int=\count322
\g__nicematrix_static_num_of_col_int=\count323
\l__nicematrix_rounded_corners_dim=\dimen274
\l__nicematrix_line_width_dim=\dimen275
\g__nicematrix_block_box_int=\count324
\l__nicematrix_submatrix_extra_height_dim=\dimen276
\l__nicematrix_submatrix_left_xshift_dim=\dimen277
\l__nicematrix_submatrix_right_xshift_dim=\dimen278
\l__nicematrix_first_row_int=\count325
\l__nicematrix_first_col_int=\count326
\l__nicematrix_last_row_int=\count327
\l__nicematrix_last_col_int=\count328
\c@tabularnote=\count329
\l__nicematrix_number_of_notes_int=\count330
\l__nicematrix_cell_space_top_limit_dim=\dimen279
\l__nicematrix_cell_space_bottom_limit_dim=\dimen280
\l__nicematrix_inter_dots_dim=\dimen281
\l__nicematrix_xdots_shorten_dim=\dimen282
\l__nicematrix_radius_dim=\dimen283
\l__nicematrix_notes_above_space_dim=\dimen284
\l__nicematrix_left_margin_dim=\dimen285
\l__nicematrix_right_margin_dim=\dimen286
\l__nicematrix_extra_left_margin_dim=\dimen287
\l__nicematrix_extra_right_margin_dim=\dimen288
\c__nicematrix_max_l_dim=\dimen289
)
\c@currremarkctr=\count331
\c@endremarkctr=\count332
(article.aux (appendix.aux))
\openout1 = `article.aux'.

LaTeX Font Info:    Checking defaults for OML/cmm/m/it on input line 60.
LaTeX Font Info:    ... okay on input line 60.
LaTeX Font Info:    Checking defaults for OMS/cmsy/m/n on input line 60.
LaTeX Font Info:    ... okay on input line 60.
LaTeX Font Info:    Checking defaults for OT1/cmr/m/n on input line 60.
LaTeX Font Info:    ... okay on input line 60.
LaTeX Font Info:    Checking defaults for T1/cmr/m/n on input line 60.
LaTeX Font Info:    ... okay on input line 60.
LaTeX Font Info:    Checking defaults for TS1/cmr/m/n on input line 60.
LaTeX Font Info:    ... okay on input line 60.
LaTeX Font Info:    Checking defaults for OMX/cmex/m/n on input line 60.
LaTeX Font Info:    ... okay on input line 60.
LaTeX Font Info:    Checking defaults for U/cmr/m/n on input line 60.
LaTeX Font Info:    ... okay on input line 60.
LaTeX Font Info:    Checking defaults for PD1/pdf/m/n on input line 60.
LaTeX Font Info:    ... okay on input line 60.
LaTeX Font Info:    Checking defaults for PU/pdf/m/n on input line 60.
LaTeX Font Info:    ... okay on input line 60.
Package hyperref Info: Link coloring ON on input line 60.

(C:\Users\paulc\AppData\Local\Programs\MiKTeX\tex/latex/hyperref\nameref.sty
Package: nameref 2021-04-02 v2.47 Cross-referencing by name of section

(C:\Users\paulc\AppData\Local\Programs\MiKTeX\tex/latex/refcount\refcount.sty
Package: refcount 2019/12/15 v3.6 Data extraction from label references (HO)
)
(C:\Users\paulc\AppData\Local\Programs\MiKTeX\tex/generic/gettitlestring\gettit
lestring.sty
Package: gettitlestring 2019/12/15 v1.6 Cleanup title references (HO)
)
\c@section@level=\count333
)
LaTeX Info: Redefining \ref on input line 60.
LaTeX Info: Redefining \pageref on input line 60.
LaTeX Info: Redefining \nameref on input line 60.
 (article.out) (article.out)
\@outlinefile=\write4
\openout4 = `article.out'.


(C:\Users\paulc\AppData\Local\Programs\MiKTeX\tex/context/base/mkii\supp-pdf.mk
ii
[Loading MPS to PDF converter (version 2006.09.02).]
\scratchcounter=\count334
\scratchdimen=\dimen290
\scratchbox=\box62
\nofMPsegments=\count335
\nofMParguments=\count336
\everyMPshowfont=\toks54
\MPscratchCnt=\count337
\MPscratchDim=\dimen291
\MPnumerator=\count338
\makeMPintoPDFobject=\count339
\everyMPtoPDFconversion=\toks55
)
LaTeX Font Info:    Trying to load font information for U+msa on input line 66.

 (C:\Users\paulc\AppData\Local\Programs\MiKTeX\tex/latex/amsfonts\umsa.fd
File: umsa.fd 2013/01/14 v3.01 AMS symbols A
)
LaTeX Font Info:    Trying to load font information for U+msb on input line 66.


(C:\Users\paulc\AppData\Local\Programs\MiKTeX\tex/latex/amsfonts\umsb.fd
File: umsb.fd 2013/01/14 v3.01 AMS symbols B
)

LATEX WARNING: NO \author GIVEN.

(introduction.tex

LaTeX Warning: Citation `Schur1917' on page 1 undefined on input line 7.


LaTeX Warning: Citation `Irving1973' on page 1 undefined on input line 8.


LaTeX Warning: Citation `AbbottHanson' on page 1 undefined on input line 14.


LaTeX Warning: Citation `EliahouBook' on page 1 undefined on input line 20.


LaTeX Warning: Citation `Bouzy2015AnAP' on page 1 undefined on input line 20.


LaTeX Warning: Citation `Rafilipojaona' on page 1 undefined on input line 20.


LaTeX Warning: Citation `RowleyRamsey' on page 1 undefined on input line 24.


LaTeX Warning: Citation `RowleyWS' on page 1 undefined on input line 26.

\g__nicematrix_max_cell_width_dim=\dimen292
\c@iRow=\count340
\c@jCol=\count341
\l__nicematrix_cell_box=\box63
\g__nicematrix_row_total_int=\count342
\g__nicematrix_col_total_int=\count343
\l__nicematrix_the_array_box=\box64
\l__nicematrix_left_delim_dim=\dimen293
\l__nicematrix_right_delim_dim=\dimen294
\g__nicematrix_dp_row_zero_dim=\dimen295
\g__nicematrix_ht_row_zero_dim=\dimen296
\g__nicematrix_ht_row_one_dim=\dimen297
\g__nicematrix_dp_ante_last_row_dim=\dimen298
\g__nicematrix_ht_last_row_dim=\dimen299
\g__nicematrix_dp_last_row_dim=\dimen300
\g__nicematrix_block_box_1_box=\box65

LaTeX Warning: Citation `Heule2017' on page 1 undefined on input line 53.


LaTeX Warning: Citation `Fredricksen' on page 1 undefined on input line 53.


LaTeX Warning: Citation `rowley2021improved' on page 1 undefined on input line 
53.


LaTeX Warning: Citation `RowleyRamsey' on page 1 undefined on input line 53.


LaTeX Warning: Citation `RowleyRamsey' on page 1 undefined on input line 53.


LaTeX Warning: Citation `RowleyRamsey' on page 1 undefined on input line 54.


LaTeX Warning: Citation `RowleyRamsey' on page 1 undefined on input line 54.


LaTeX Warning: Citation `RowleyRamsey' on page 1 undefined on input line 54.

\g__nicematrix_ddots_int=\count344
\g__nicematrix_iddots_int=\count345
\g__nicematrix_delta_x_one_dim=\dimen301
\g__nicematrix_delta_y_one_dim=\dimen302
\g__nicematrix_delta_x_two_dim=\dimen303
\g__nicematrix_delta_y_two_dim=\dimen304
\l__nicematrix_initial_i_int=\count346
\l__nicematrix_initial_j_int=\count347
\l__nicematrix_final_i_int=\count348
\l__nicematrix_final_j_int=\count349

Overfull \hbox (50.76987pt too wide) in paragraph at lines 37--59
 [][][][][]$[]$[][][][][][][][][][][][][][][][][] |
 []


LaTeX Warning: Citation `ELIAHOU2012175' on page 1 undefined on input line 81.


LaTeX Warning: Citation `RowleyWS' on page 1 undefined on input line 81.


LaTeX Warning: Citation `RowleyWS' on page 1 undefined on input line 81.


LaTeX Warning: Citation `RowleyWS' on page 1 undefined on input line 81.


LaTeX Warning: Citation `RowleyWS' on page 1 undefined on input line 81.


LaTeX Warning: Citation `RowleyWS' on page 1 undefined on input line 82.


LaTeX Warning: Citation `RowleyWS' on page 1 undefined on input line 82.


LaTeX Warning: Citation `RowleyWS' on page 1 undefined on input line 82.


Overfull \hbox (98.496pt too wide) in paragraph at lines 67--87
 [][][][][]$[]$[][][][][][][][][][][][][][][][][] |
 []


Underfull \vbox (badness 10000) has occurred while \output is active []

 [1

{C:/Users/paulc/AppData/Local/MiKTeX/pdftex/config/pdftex.map}]

LaTeX Warning: Citation `AbbottHanson' on page 2 undefined on input line 96.

Package hyperref Info: bookmark level for unknown definition defaults to 0 on i
nput line 117.

LaTeX Warning: Citation `Schur1917' on page 2 undefined on input line 131.


LaTeX Warning: Citation `Irving1973' on page 2 undefined on input line 133.


Overfull \hbox (2.18948pt too wide) in paragraph at lines 142--145
[]\OT1/cmr/m/it/10 There is a largest in-te-ger de-noted by $[]\OT1/cmr/m/n/10 
(\OML/cmm/m/it/10 n\OT1/cmr/m/n/10 )$ \OT1/cmr/m/it/10 such that $\OT1/cmr/m/n/
10 [ [1\OML/cmm/m/it/10 ; []\OT1/cmr/m/n/10 (\OML/cmm/m/it/10 n\OT1/cmr/m/n/10 
)] ]$|
 []

[2]) (schur.tex

LaTeX Warning: Citation `RowleyRamsey' on page 3 undefined on input line 4.


LaTeX Warning: Citation `AbbottHanson' on page 3 undefined on input line 7.


Package hyperref Warning: Token not allowed in a PDF string (Unicode):
(hyperref)                removing `math shift' on input line 12.


Package hyperref Warning: Token not allowed in a PDF string (Unicode):
(hyperref)                removing `\leavevmode@ifvmode' on input line 12.


Package hyperref Warning: Token not allowed in a PDF string (Unicode):
(hyperref)                \kern -1.91705pt
(hyperref)                removed on input line 12.


Package hyperref Warning: Token not allowed in a PDF string (Unicode):
(hyperref)                removing `superscript' on input line 12.


Package hyperref Warning: Token not allowed in a PDF string (Unicode):
(hyperref)                removing `\leavevmode@ifvmode' on input line 12.


Package hyperref Warning: Token not allowed in a PDF string (Unicode):
(hyperref)                \kern -1.91705pt
(hyperref)                removed on input line 12.


LaTeX Warning: Citation `AbbottHanson' on page 3 undefined on input line 13.

Package hyperref Info: bookmark level for unknown proposition defaults to 0 on 
input line 33.

LaTeX Font Warning: Font shape `OT1/cmr/m/scit' undefined
(Font)              using `OT1/cmr/m/sc' instead on input line 41.

Package hyperref Info: bookmark level for unknown proof defaults to 0 on input 
line 41.

LaTeX Warning: Citation `AbbottHanson' on page 3 undefined on input line 43.


Underfull \hbox (badness 10000) in paragraph at lines 42--44

 []


LaTeX Warning: Citation `RowleyRamsey' on page 3 undefined on input line 50.

Package hyperref Info: bookmark level for unknown theorem defaults to 0 on inpu
t line 53.

LaTeX Warning: Citation `AbbottHanson' on page 3 undefined on input line 59.

[3]
\l__nicematrix_last_empty_row_int=\count350
\l__nicematrix_last_empty_column_int=\count351

Overfull \hbox (36.951pt too wide) in paragraph at lines 130--156
 [][] |
 []


Overfull \hbox (36.951pt too wide) in paragraph at lines 226--252
 [][] |
 []


LaTeX Font Warning: Font shape `OT1/cmr/m/scit' undefined
(Font)              using `OT1/cmr/m/sc' instead on input line 263.

[4]
Underfull \hbox (badness 10000) in paragraph at lines 303--307

 []

Package hyperref Info: bookmark level for unknown corollary defaults to 0 on in
put line 344.
[5]
Underfull \hbox (badness 10000) in paragraph at lines 381--384

 []


LaTeX Font Warning: Font shape `OT1/cmr/m/scit' undefined
(Font)              using `OT1/cmr/m/sc' instead on input line 393.


Underfull \hbox (badness 10000) in paragraph at lines 394--396

 []


LaTeX Warning: Citation `Lingeling2017' on page 6 undefined on input line 420.


LaTeX Warning: Citation `Heule2017' on page 6 undefined on input line 425.

[6]

LaTeX Warning: Citation `Schur1917' on page 7 undefined on input line 435.


LaTeX Warning: Citation `AbbottHanson' on page 7 undefined on input line 436.


LaTeX Warning: Citation `RowleyRamsey' on page 7 undefined on input line 436.


LaTeX Warning: Citation `rowley2021improved' on page 7 undefined on input line 
453.

[7]

LaTeX Font Warning: Font shape `OT1/cmr/m/scit' undefined
(Font)              using `OT1/cmr/m/sc' instead on input line 514.


LaTeX Warning: Citation `AbbottHanson' on page 8 undefined on input line 516.


Underfull \hbox (badness 10000) in paragraph at lines 515--517

 []


LaTeX Warning: Citation `RowleyRamsey' on page 8 undefined on input line 522.

) (weakschur.tex

LaTeX Warning: Citation `RowleyWS' on page 8 undefined on input line 4.


LaTeX Warning: Citation `AbbottHanson' on page 8 undefined on input line 5.


LaTeX Warning: Citation `AbbottHanson' on page 8 undefined on input line 13.

[8]
\g__nicematrix_block_box_2_box=\box66
\g__nicematrix_block_box_3_box=\box67

Overfull \hbox (50.69373pt too wide) detected at line 126
[]|
 []


Underfull \hbox (badness 10000) in paragraph at lines 167--169

 []

[9]

LaTeX Warning: Citation `AbbottHanson' on page 10 undefined on input line 179.


LaTeX Warning: Citation `RowleyWS' on page 10 undefined on input line 179.

Package hyperref Info: bookmark level for unknown remark defaults to 0 on input
 line 183.

Package hyperref Warning: Token not allowed in a PDF string (Unicode):
(hyperref)                removing `math shift' on input line 192.


Package hyperref Warning: Token not allowed in a PDF string (Unicode):
(hyperref)                removing `\leavevmode@ifvmode' on input line 192.


Package hyperref Warning: Token not allowed in a PDF string (Unicode):
(hyperref)                \kern -1.91705pt
(hyperref)                removed on input line 192.


Package hyperref Warning: Token not allowed in a PDF string (Unicode):
(hyperref)                removing `superscript' on input line 192.


Package hyperref Warning: Token not allowed in a PDF string (Unicode):
(hyperref)                removing `\leavevmode@ifvmode' on input line 192.


Package hyperref Warning: Token not allowed in a PDF string (Unicode):
(hyperref)                \kern -1.91705pt
(hyperref)                removed on input line 192.

LaTeX Font Info:    Trying to load font information for U+dsrom on input line 1
97.
(C:\Users\paulc\AppData\Local\Programs\MiKTeX\tex/latex/doublestroke\udsrom.fd
File: Udsrom.fd 1995/08/01 v0.1 Double stroke roman font definitions
)

LaTeX Font Warning: Font shape `OT1/cmr/m/scit' undefined
(Font)              using `OT1/cmr/m/sc' instead on input line 218.


LaTeX Font Warning: Font shape `OT1/cmr/m/scit' undefined
(Font)              using `OT1/cmr/m/sc' instead on input line 233.


Underfull \hbox (badness 10000) in paragraph at lines 234--235

 []


LaTeX Font Warning: Font shape `OT1/cmr/m/scit' undefined
(Font)              using `OT1/cmr/m/sc' instead on input line 245.


LaTeX Font Warning: Font shape `OT1/cmr/m/scit' undefined
(Font)              using `OT1/cmr/m/sc' instead on input line 263.

[10]
Underfull \hbox (badness 10000) in paragraph at lines 264--265

 []


LaTeX Font Warning: Font shape `OT1/cmr/m/scit' undefined
(Font)              using `OT1/cmr/m/sc' instead on input line 289.


LaTeX Font Warning: Font shape `OT1/cmr/m/scit' undefined
(Font)              using `OT1/cmr/m/sc' instead on input line 307.


Underfull \hbox (badness 10000) in paragraph at lines 308--310

 []


LaTeX Font Warning: Font shape `OT1/cmr/m/scit' undefined
(Font)              using `OT1/cmr/m/sc' instead on input line 320.

[11]

LaTeX Font Warning: Font shape `OT1/cmr/m/scit' undefined
(Font)              using `OT1/cmr/m/sc' instead on input line 377.


Underfull \hbox (badness 10000) in paragraph at lines 378--381

 []


LaTeX Font Warning: Font shape `OT1/cmr/m/scit' undefined
(Font)              using `OT1/cmr/m/sc' instead on input line 399.

[12]
Underfull \hbox (badness 10000) in paragraph at lines 469--474

 []


Underfull \hbox (badness 10000) in paragraph at lines 477--481

 []


Underfull \hbox (badness 6316) in paragraph at lines 493--496
[]\OT1/cmr/m/n/10 If $\OML/cmm/m/it/10 x \OT1/cmr/m/n/10 + \OML/cmm/m/it/10 \O
T1/cmr/m/n/10 (\OML/cmm/m/it/10 y\OT1/cmr/m/n/10 ) \OML/cmm/m/it/10 > a \OT1/cm
r/m/n/10 + \OML/cmm/m/it/10 b$ \OT1/cmr/m/n/10 then given that $\OML/cmm/m/it/1
0 f$ \OT1/cmr/m/n/10 is a WS-template
 []


Underfull \hbox (badness 10000) in paragraph at lines 493--496
\OT1/cmr/m/n/10 and since $[]$, $[]$. Fur-ther-
 []


Underfull \hbox (badness 10000) in paragraph at lines 493--496
\OT1/cmr/m/n/10 more $[]$ (Propo-si-tion [][]3.6[][]), such that
 []

[13]
Underfull \hbox (badness 10000) in paragraph at lines 499--502

 []


Underfull \hbox (badness 3503) in paragraph at lines 526--529
[]\OT1/cmr/m/n/10 If $\OML/cmm/m/it/10 \OT1/cmr/m/n/10 (\OML/cmm/m/it/10 x\OT1
/cmr/m/n/10 ) + \OML/cmm/m/it/10 \OT1/cmr/m/n/10 (\OML/cmm/m/it/10 y\OT1/cmr/m
/n/10 ) \OML/cmm/m/it/10 > a \OT1/cmr/m/n/10 + \OML/cmm/m/it/10 b$ \OT1/cmr/m/n
/10 then given that $\OML/cmm/m/it/10 f$ \OT1/cmr/m/n/10 is a WS-template,
 []


Underfull \hbox (badness 10000) in paragraph at lines 526--529
[]$ \OT1/cmr/m/n/10 since $[]$. Be-
 []


Underfull \hbox (badness 10000) in paragraph at lines 526--529
\OT1/cmr/m/n/10 sides, $[]$ (Propo-si-tion [][]3.8[][]). Hence
 []


Underfull \hbox (badness 10000) in paragraph at lines 532--535

 []


Underfull \hbox (badness 10000) in paragraph at lines 538--539

 []

[14]
Underfull \hbox (badness 10000) in paragraph at lines 557--559

 []


LaTeX Warning: Citation `AbbottHanson' on page 15 undefined on input line 562.


LaTeX Font Warning: Font shape `OT1/cmr/m/scit' undefined
(Font)              using `OT1/cmr/m/sc' instead on input line 564.


Underfull \hbox (badness 10000) in paragraph at lines 606--607

 []

[15]
Underfull \hbox (badness 10000) in paragraph at lines 651--652

 []


Underfull \hbox (badness 10000) in paragraph at lines 671--673

 []


LaTeX Font Warning: Font shape `OT1/cmr/m/scit' undefined
(Font)              using `OT1/cmr/m/sc' instead on input line 683.


Underfull \hbox (badness 10000) in paragraph at lines 684--686

 []

[16]

LaTeX Warning: Citation `Lingeling2017' on page 17 undefined on input line 699.



LaTeX Warning: Citation `Heule2017' on page 17 undefined on input line 701.


LaTeX Warning: Citation `RowleyWS' on page 17 undefined on input line 712.


LaTeX Warning: Citation `Lingeling2017' on page 17 undefined on input line 719.



Package hyperref Warning: Token not allowed in a PDF string (Unicode):
(hyperref)                removing `math shift' on input line 776.


Package hyperref Warning: Token not allowed in a PDF string (Unicode):
(hyperref)                removing `\geqslant' on input line 776.

[17]

LaTeX Warning: Citation `Heule2017' on page 18 undefined on input line 787.


LaTeX Warning: Citation `Heule2017' on page 18 undefined on input line 789.

)

LaTeX Warning: Citation `EliahouBook' on page 18 undefined on input line 98.


LaTeX Warning: Citation `RowleyWS' on page 18 undefined on input line 98.


LaTeX Warning: Citation `EliahouBook' on page 18 undefined on input line 100.


LaTeX Warning: Citation `Bouzy2015AnAP' on page 18 undefined on input line 100.



LaTeX Warning: Citation `Rafilipojaona' on page 18 undefined on input line 100.



LaTeX Warning: Citation `ELIAHOU2012175' on page 18 undefined on input line 102
.

[18]
No file article.bbl.
[19]
\openout2 = `appendix.aux'.

 (appendix.tex
Underfull \vbox (badness 10000) has occurred while \output is active []

 [20

]

Package hyperref Warning: Token not allowed in a PDF string (Unicode):
(hyperref)                removing `math shift' on input line 130.


Package hyperref Warning: Token not allowed in a PDF string (Unicode):
(hyperref)                removing `\geqslant' on input line 130.


Overfull \hbox (24.81657pt too wide) detected at line 181
[]|
 []


Underfull \vbox (badness 10000) has occurred while \output is active []

 [21])
[22]
\tf@thm=\write5
\openout5 = `article.thm'.

 (article.aux (appendix.aux))

LaTeX Warning: There were undefined references.

Package rerunfilecheck Info: File `article.out' has not changed.
(rerunfilecheck)             Checksum: B9F5D975734F8DE41FCFCBA0366A7E45;4479.
 ) 
Here is how much of TeX's memory you used:
 28652 strings out of 479334
 539123 string characters out of 2857084
 898244 words of memory out of 3000000
 44035 multiletter control sequences out of 15000+200000
 414368 words of font info for 69 fonts, out of 3000000 for 9000
 2715 hyphenation exceptions out of 8191
 85i,30n,89p,476b,2167s stack positions out of 5000i,500n,10000p,200000b,50000s
{C:/Users/paulc/AppData/Local/Programs/MiKTeX/fonts/enc/dvips/mnsymbol/MnSymb
olE.enc}<C:/Users/paulc/AppData/Local/Programs/MiKTeX/fonts/type1/public/mnsymb
ol/MnSymbol10.pfb><C:/Users/paulc/AppData/Local/Programs/MiKTeX/fonts/type1/pub
lic/amsfonts/cm/cmbx10.pfb><C:/Users/paulc/AppData/Local/Programs/MiKTeX/fonts/
type1/public/amsfonts/cm/cmbx8.pfb><C:/Users/paulc/AppData/Local/Programs/MiKTe
X/fonts/type1/public/amsfonts/cm/cmcsc10.pfb><C:/Users/paulc/AppData/Local/Prog
rams/MiKTeX/fonts/type1/public/amsfonts/cm/cmex10.pfb><C:/Users/paulc/AppData/L
ocal/Programs/MiKTeX/fonts/type1/public/amsfonts/cm/cmmi10.pfb><C:/Users/paulc/
AppData/Local/Programs/MiKTeX/fonts/type1/public/amsfonts/cm/cmmi6.pfb><C:/User
s/paulc/AppData/Local/Programs/MiKTeX/fonts/type1/public/amsfonts/cm/cmmi7.pfb>
<C:/Users/paulc/AppData/Local/Programs/MiKTeX/fonts/type1/public/amsfonts/cm/cm
mi8.pfb><C:/Users/paulc/AppData/Local/Programs/MiKTeX/fonts/type1/public/amsfon
ts/cm/cmr10.pfb><C:/Users/paulc/AppData/Local/Programs/MiKTeX/fonts/type1/publi
c/amsfonts/cm/cmr5.pfb><C:/Users/paulc/AppData/Local/Programs/MiKTeX/fonts/type
1/public/amsfonts/cm/cmr7.pfb><C:/Users/paulc/AppData/Local/Programs/MiKTeX/fon
ts/type1/public/amsfonts/cm/cmr8.pfb><C:/Users/paulc/AppData/Local/Programs/MiK
TeX/fonts/type1/public/amsfonts/cm/cmsy10.pfb><C:/Users/paulc/AppData/Local/Pro
grams/MiKTeX/fonts/type1/public/amsfonts/cm/cmsy5.pfb><C:/Users/paulc/AppData/L
ocal/Programs/MiKTeX/fonts/type1/public/amsfonts/cm/cmsy7.pfb><C:/Users/paulc/A
ppData/Local/Programs/MiKTeX/fonts/type1/public/amsfonts/cm/cmsy8.pfb><C:/Users
/paulc/AppData/Local/Programs/MiKTeX/fonts/type1/public/amsfonts/cm/cmti10.pfb>
<C:/Users/paulc/AppData/Local/Programs/MiKTeX/fonts/type1/public/amsfonts/cm/cm
ti7.pfb><C:/Users/paulc/AppData/Local/Programs/MiKTeX/fonts/type1/public/amsfon
ts/cm/cmti8.pfb><C:/Users/paulc/AppData/Local/Programs/MiKTeX/fonts/type1/publi
c/doublestroke/dsrom10.pfb><C:/Users/paulc/AppData/Local/Programs/MiKTeX/fonts/
type1/public/amsfonts/symbols/msam10.pfb><C:/Users/paulc/AppData/Local/Programs
/MiKTeX/fonts/type1/public/amsfonts/symbols/msbm10.pfb><C:/Users/paulc/AppData/
Local/Programs/MiKTeX/fonts/type1/public/amsfonts/symbols/msbm7.pfb>
Output written on article.pdf (22 pages, 416941 bytes).
PDF statistics:
 488 PDF objects out of 1000 (max. 8388607)
 132 named destinations out of 1000 (max. 500000)
 181 words of extra memory for PDF output out of 10000 (max. 10000000)

